WARN: orbitals [ 0  1  2  3  4  5  6  7  8  9 10 11 12 13 14 15 17 18 19 20 21 22 23 24
 25 26 27 28 29 30 31 32 34 36 37 38 39 40 41 42 43 44 45 46 47 48 49 50
 51 52 53 54 55 56 57 58 59 60 61 62 63 64 65 66 67 68 69 70 72 74 75 76
 77 78 79 80 81 82 83 84 85 86 87 88 89 90 91 92 93 94 95 96] not symmetrized, norm = [0.5        0.5        0.5        0.5        0.5        0.5
 0.5        0.5        0.5        0.5        0.5        0.5
 0.5        0.5        0.5        0.5        0.5        0.5
 0.5        0.5        0.5        0.5        0.5        0.5
 0.5        0.5        0.5        0.5        0.5        0.5
 0.5        0.5        0.5        0.5        0.5        0.5
 0.5        0.5        0.5        0.5        0.5        0.5
 0.5        0.5        0.5        0.5        0.5        0.5
 0.5        0.5        0.5        0.5        0.5        0.5
 0.5        0.5        0.5        0.5        0.5        0.5
 0.5        0.5        0.5        0.5        0.5        0.5
 0.5        0.5        0.5        0.5        0.5        0.5
 0.5        0.5        0.5        0.5        0.5        0.5
 0.5        0.5        0.5        0.5        0.5        0.50000001
 0.50000001 0.5        0.5        0.50000002 0.50000002 0.5
 0.5        0.5       ]
WARN: orbitals [  0   1   2   3   4   5   6   7   8   9  10  11  12  13  14  15  16  17
  18  19  20  21  22  23  24  25  26  27  28  29  30  31  32  33  34  35
  36  37  38  39  40  41  42  43  44  45  46  47  48  49  50  51  52  53
  54  55  56  57  58  59  60  61  62  63  64  65  66  67  68  69  70  71
  72  73  74  75  76  77  78  79  80  81  82  83  84  85  86  87  88  89
  90  91  92  93  94  95  96  97  98  99 100 101 102 103] not symmetrized, norm = [0.5 0.5 0.5 0.5 0.5 0.5 0.5 0.5 0.5 0.5 0.5 0.5 0.5 0.5 0.5 0.5 0.5 0.5
 0.5 0.5 0.5 0.5 0.5 0.5 0.5 0.5 0.5 0.5 0.5 0.5 0.5 0.5 0.5 0.5 0.5 0.5
 0.5 0.5 0.5 0.5 0.5 0.5 0.5 0.5 0.5 0.5 0.5 0.5 0.5 0.5 0.5 0.5 0.5 0.5
 0.5 0.5 0.5 0.5 0.5 0.5 0.5 0.5 0.5 0.5 0.5 0.5 0.5 0.5 0.5 0.5 0.5 0.5
 0.5 0.5 0.5 0.5 0.5 0.5 0.5 0.5 0.5 0.5 0.5 0.5 0.5 0.5 0.5 0.5 0.5 0.5
 0.5 0.5 0.5 0.5 0.5 0.5 0.5 0.5 0.5 0.5 0.5 0.5 0.5 0.5]
WARN: orbitals [0 1] not symmetrized, norm = [0.5 0.5]
WARN: orbitals [0 1 2 3 4 5] not symmetrized, norm = [0.5 0.5 0.5 0.5 0.5 0.5]
WARN: orbitals [  0   1   2   3   4   5   6   7   8   9  10  11  12  13  14  15  16  17
  18  19  20  21  22  23  24  25  26  27  28  29  30  31  32  33  34  35
  36  37  38  39  40  41  42  43  44  45  46  47  48  49  50  51  52  53
  54  55  56  57  58  59  60  61  62  63  64  65  66  67  68  69  70  71
  72  73  74  75  76  77  78  79  80  81  82  83  84  85  86  87  88  89
  90  91  92  93  94  95  96  97  98  99 100 101 102 103 104 105 106 107
 108 109 110 111 112 113 114 115 116 117 118 119 120 121 122 123 124 125
 126 127 128 129 130 131 132 133 134 135 136 137 138 139 140 141 142 143
 144 145 146 147 148 149 150 151 152 153 154 155 156 157 158 159 160 161
 162 163 164 165 166 167 168 169 170 171 172 173 174 175 176 177 178 179
 180 181 182 183 184 185 186 187 188 189 190 191 192 193 194 195 196 197
 198 199 200 201 203 204 205 207 208 209 210 211 212 213 214 215 216 217
 218 219 220 221 222 223 224 225 226 227 228 229 230 231 232 233 234 235
 236 237 238 239 240 241 242 243 244 245 247 248 249 251 252 253 254 255
 256 258 259 260 261 262 263 264 266 267 268 269 270 272 273 274 276 277
 278 279 280 281 282 284 285 286 287 288 289 290 291 292 293 294 295 296
 297 298 299 300 301 302 303 304 305 306 307 308 309 310 311 312 313 314
 315 316 317 318 319 320 321 322 323 324 325 326 327 328 329 330 331 332
 333 334 335 336 337 338 339 340 341 342 343 344 345 346 347 348 349 350
 351 352 353 354 355 356 357 358 359 360 361 362 363 364 365 366 367 368
 369 370 371 372 373 374 375 376 377 378 379 380] not symmetrized, norm = [0.5        0.5        0.5        0.5        0.5        0.5
 0.5        0.5        0.5        0.5        0.5        0.5
 0.5        0.5        0.5        0.5        0.5        0.5
 0.5        0.5        0.5        0.5        0.5        0.5
 0.5        0.5        0.5        0.5        0.5        0.5
 0.5        0.5        0.5        0.5        0.5        0.5
 0.5        0.5        0.5        0.5        0.5        0.5
 0.5        0.5        0.5        0.5        0.5        0.5
 0.5        0.5        0.5        0.5        0.5        0.5
 0.5        0.5        0.5        0.5        0.5        0.5
 0.5        0.5        0.5        0.5        0.5        0.5
 0.5        0.5        0.5        0.5        0.5        0.5
 0.5        0.5        0.5        0.5        0.5        0.5
 0.5        0.5        0.5        0.5        0.5        0.5
 0.5        0.5        0.5        0.5        0.5        0.5
 0.5        0.5        0.5        0.5        0.5        0.5
 0.5        0.5        0.5        0.5        0.5        0.5
 0.5        0.5        0.5        0.5        0.5        0.5
 0.5        0.5        0.5        0.5        0.5        0.5
 0.5        0.5        0.5        0.5        0.5        0.5
 0.5        0.5        0.50000001 0.5        0.5        0.5
 0.5        0.50000001 0.5        0.5        0.5        0.5
 0.5        0.5        0.5        0.5        0.5        0.5
 0.5        0.5        0.5        0.5        0.5        0.5
 0.5        0.5        0.5        0.5        0.5        0.5
 0.5        0.5        0.5        0.5        0.5        0.5
 0.5        0.5        0.5        0.5        0.5        0.5
 0.5        0.5        0.5        0.5        0.5        0.5
 0.5        0.5        0.5        0.5        0.5        0.5
 0.5        0.5        0.5        0.5        0.5        0.5
 0.5        0.5        0.5        0.5        0.5        0.5
 0.5        0.5        0.5        0.5        0.5        0.5
 0.5        0.5        0.5        0.5        0.5        0.5
 0.5        0.5        0.5        0.5        0.5        0.5
 0.5        0.5        0.5        0.5        0.5        0.5
 0.5        0.5        0.5        0.5        0.5        0.5
 0.5        0.5        0.5        0.5        0.5        0.5
 0.5        0.5        0.5        0.5        0.5        0.5
 0.5        0.5        0.5        0.5        0.5        0.5
 0.5        0.5        0.5        0.5        0.5        0.5
 0.5        0.5        0.5        0.5        0.5        0.5
 0.5        0.5        0.5        0.5        0.5        0.5
 0.5        0.5        0.5        0.5        0.5        0.5
 0.5        0.5        0.5        0.5        0.5        0.5
 0.5        0.5        0.5        0.5        0.5        0.5
 0.5        0.5        0.5        0.5        0.5        0.5
 0.5        0.5        0.5        0.5        0.5        0.5
 0.5        0.5        0.5        0.5        0.5        0.5
 0.5        0.5        0.5        0.5        0.5        0.5
 0.5        0.5        0.5        0.5        0.5        0.5
 0.5        0.5        0.5        0.5        0.5        0.5
 0.5        0.5        0.5        0.5        0.5        0.5
 0.5        0.5        0.5        0.5        0.5        0.5
 0.5        0.5        0.5        0.5        0.5        0.5
 0.5        0.5        0.5        0.5        0.5        0.5
 0.5        0.5        0.5        0.5        0.5        0.5
 0.5        0.5        0.5        0.5        0.5        0.5
 0.5        0.5        0.5        0.5        0.5        0.5
 0.5        0.5        0.5        0.5        0.5        0.5
 0.5        0.5        0.5        0.5        0.5        0.5
 0.5        0.5        0.5        0.5        0.5        0.5
 0.5        0.5        0.5        0.5        0.5        0.5       ]
WARN: orbitals [  0   1   2   3   4   5   6   7   8   9  10  11  12  13  14  15  16  17
  18  19  20  21  22  23  24  25  26  27  28  29  30  31  32  33  34  35
  36  37  38  39  40  41  42  43  44  45  46  47  48  49  50  51  52  53
  54  55  56  57  58  59  60  61  62  63  64  65  66  67  68  69  70  71
  72  73  74  75  76  77  78  79  80  81  82  83  84  85  86  87  88  89
  90  91  92  93  94  95  96  97  98  99 100 101 102 103 104 105 106 107
 108 109 110 111 112 113 114 115 116 117 118 119 120 121 122 123 124 125
 126 127 128 129 130 131 132 133 134 135 136 137 138 139 140 141 142 143
 144 145 146 147 148 149 150 151 152 153 154 155 156 157 158 159 160 161
 163 164 165 167 168 169 170 171 172 173 174 175 176 177 178 179 180 181
 182 183 184 185 186 187 188 189 190 191 192 194 195 196 198 199 200 201
 202 203 205 206 207 208 209 210 211 213 214 215 216 217 219 220 221 223
 224 225 226 227 228 229 231 232 233 234 235 236 237 238 239 240 241 242
 243 244 245 246 247 248 249 250 251 252 253 254 255 256 257 258 259 260
 261 262 263 264 265 266 267 268 269 270 271 272 273 274 275 276 277 278
 279 280 281 282 283 284 285 286 287 288 289 290 291 292 293 294 295 296
 297 298 299 300 301 302 303 304 305 306 307 308 309 310 311 312 313 314
 315 316 317 318 319 320 321 322 323 324] not symmetrized, norm = [0.5        0.5        0.5        0.5        0.5        0.5
 0.5        0.5        0.5        0.5        0.5        0.5
 0.5        0.5        0.5        0.5        0.5        0.5
 0.5        0.5        0.5        0.5        0.5        0.5
 0.5        0.5        0.5        0.5        0.5        0.5
 0.5        0.5        0.5        0.5        0.5        0.5
 0.5        0.5        0.5        0.5        0.5        0.5
 0.5        0.5        0.5        0.5        0.5        0.5
 0.5        0.5        0.5        0.5        0.5        0.5
 0.5        0.5        0.5        0.5        0.5        0.5
 0.5        0.5        0.5        0.5        0.5        0.5
 0.5        0.5        0.5        0.5        0.5        0.5
 0.5        0.5        0.5        0.5        0.5        0.5
 0.5        0.5        0.5        0.5        0.5        0.5
 0.5        0.5        0.5        0.5        0.5        0.5
 0.5        0.5        0.5        0.5        0.5        0.5
 0.5        0.5        0.5        0.5        0.5        0.5
 0.5        0.5        0.5        0.5        0.5        0.5
 0.5        0.5        0.5        0.5        0.5        0.5
 0.5        0.5        0.5        0.5        0.5        0.5
 0.5        0.5        0.50000001 0.5        0.5        0.5
 0.5        0.50000001 0.5        0.5        0.5        0.5
 0.5        0.5        0.5        0.5        0.5        0.5
 0.5        0.5        0.5        0.5        0.5        0.5
 0.5        0.5        0.5        0.5        0.5        0.5
 0.5        0.5        0.5        0.5        0.5        0.5
 0.5        0.5        0.5        0.5        0.5        0.5
 0.5        0.5        0.5        0.5        0.5        0.5
 0.5        0.5        0.5        0.5        0.5        0.5
 0.5        0.5        0.5        0.5        0.5        0.5
 0.5        0.5        0.5        0.5        0.5        0.5
 0.5        0.5        0.5        0.5        0.5        0.5
 0.5        0.5        0.5        0.5        0.5        0.5
 0.5        0.5        0.5        0.5        0.5        0.5
 0.5        0.5        0.5        0.5        0.5        0.5
 0.5        0.5        0.5        0.5        0.5        0.5
 0.5        0.5        0.5        0.5        0.5        0.5
 0.5        0.5        0.5        0.5        0.5        0.5
 0.5        0.5        0.5        0.5        0.5        0.5
 0.5        0.5        0.5        0.5        0.5        0.5
 0.5        0.5        0.5        0.5        0.5        0.5
 0.5        0.5        0.5        0.5        0.5        0.5
 0.5        0.5        0.5        0.5        0.5        0.5
 0.5        0.5        0.5        0.5        0.5        0.5
 0.5        0.5        0.5        0.5        0.5        0.5
 0.5        0.5        0.5        0.5        0.5        0.5
 0.5        0.5        0.5        0.5        0.5        0.5
 0.5        0.5        0.5        0.5        0.5        0.5
 0.5        0.5        0.5        0.5        0.5        0.5
 0.5        0.5        0.5        0.5        0.5        0.5
 0.5        0.5        0.5        0.5        0.5        0.5
 0.5        0.5        0.5        0.5        0.5        0.5
 0.5        0.5        0.5        0.5       ]
WARN: orbitals [ 0  1  2  3  4  5  6  7  8  9 10 11 12 13 14 15 16 17 18 19 20 21 22 23
 24 25 26 27 28 29 30 31 32 33 34 35 36 37 38 39 40 41 42 43 44 45 46 47
 48 49 50 51 52 53 54 55] not symmetrized, norm = [0.5 0.5 0.5 0.5 0.5 0.5 0.5 0.5 0.5 0.5 0.5 0.5 0.5 0.5 0.5 0.5 0.5 0.5
 0.5 0.5 0.5 0.5 0.5 0.5 0.5 0.5 0.5 0.5 0.5 0.5 0.5 0.5 0.5 0.5 0.5 0.5
 0.5 0.5 0.5 0.5 0.5 0.5 0.5 0.5 0.5 0.5 0.5 0.5 0.5 0.5 0.5 0.5 0.5 0.5
 0.5 0.5]
overwrite output file: /lustre/home/1600011363/neci-work/embedding_code_release/1_pm/1a_PM.log
[ 2  1  2  1  2  1  2  1  2  1 36 35 38 37 42 41 46 47 18 16 50 49 48 45
 43 44  7  8  9 10  0 15 17 12 11 13 14  2  1  1  2  1  2  2  1  4  6  5
  3  0  9 15  0  8 17 47 16 10 36 18 18  7 38 42 35 43 48 45 49 50 44 44
 11 12 14 13  3  4  5  4  5  6  6  6  5  3  3  4  1 39 20 40  2 21 19  2
 22 39 20  1  1  1 40  2 10 39 22 21 40 39 22 19 40 19 20 19 20 21  2 21
  9 15 18 16 36  7  0 42 46 43 36 50  8  0 22  8 16 18 16 41 46 35 17 43
 41 37 44 45 50 38 48 49 36 49 37  9 45  9 10 10 48 42 44 43 35 47 50 45
 17 42 48 38  8 49 47  7 15 37  7 15 13 17 14 13 11 12 12 14 12 37 11 11
 14 13 35 47 38 41 46 46 41]
[21 20 39 40 22 19  1  2]
[39 23 28 27 33 34 40 31 34 27 31 23 33 32 32 31 34 25 32 33 24 27 24 25
 33 26 34 25 26 23 29 30 24 25 21 33 32 32 34 30 33 32 30 29 32 23 23 26
 31 20 34 27 24 33 24 25 28 26 30 29 31 29 24 26  5 23 34  4 31  3 29 27
  5 25 28 28  6  6 25 29  4 28  5  3 30  6  4  6  6  5  5  1 31  4 28  3
 30  5  6  4  3 34  3  5  3 26 32 23 30  3 29  6 32  6 27 33 22  2 31 24
 30  1  2 29  2  1  2  1 18  1  2  2  1 16 24 19  2  2  1 15  1  1 41 50
  2  2  1 45 44 49 50  2 46 48 43 37 17 16 43 36 49 45 49 46 36 50 48 42
 44 47 49 50 44 45 41 43 48 15 17 42  1 47 46 41 10 36 35 38 37 15 42 47
 37  7 13 18 12  8 13  9 10 14  0 11 18 16  0 38 12  7  9 14  8 14  7 13
 12 18  9  1 10 14 16 17 11  1 15 17 44  8 35  2 41 48  2 42 37 46 36 47
  2 12 38 38 35  2  0  1  1 13  0 11  7 18  9  8 31  0 10 16  7  2 24 16
  1  0  7 15 17 10  8  0  9 11  9  0 12 10 17  8 18 16 18  0 15 16 15 17
 18 18  8 15 10  7 14 17 15 17 12 12 14 13 11 13 12 13 13 11 13 14 14 12
 11 11 16  8  9 14  2 16 18 10  9  7 10  5  8  9  4  7  2  1  2 26  3  4
  2  1  1  1  4  1 30 27 25 28 33 26  2 23 23  1 27  2  2 29 28 11  1 25
  2 34 45  2  1  2  1  2  1  1  2  1 26  3 43 35 27  4  6  5 28]
Atom #0, Label O1, Occurence in d 5, s 0, u 9
Atom #1, Label Cu1, Occurence in d 13, s 1, u 28
Atom #2, Label Cu1, Occurence in d 13, s 1, u 28
Atom #3, Label La1, Occurence in d 4, s 0, u 9
Atom #4, Label La1, Occurence in d 4, s 0, u 9
Atom #5, Label La1, Occurence in d 4, s 0, u 9
Atom #6, Label La1, Occurence in d 4, s 0, u 9
Atom #7, Label O2, Occurence in d 5, s 0, u 9
Atom #8, Label O2, Occurence in d 5, s 0, u 9
Atom #9, Label O2, Occurence in d 5, s 0, u 9
Atom #10, Label O2, Occurence in d 5, s 0, u 9
Atom #11, Label O2, Occurence in d 5, s 0, u 9
Atom #12, Label O2, Occurence in d 5, s 0, u 9
Atom #13, Label O2, Occurence in d 5, s 0, u 9
Atom #14, Label O2, Occurence in d 5, s 0, u 9
Atom #15, Label O2, Occurence in d 5, s 0, u 9
Atom #16, Label O2, Occurence in d 5, s 0, u 10
Atom #17, Label O2, Occurence in d 5, s 0, u 9
Atom #18, Label O2, Occurence in d 5, s 0, u 10
Atom #19, Label Cu2, Occurence in d 4, s 1, u 1
Atom #20, Label Cu2, Occurence in d 4, s 1, u 1
Atom #21, Label Cu2, Occurence in d 4, s 1, u 1
Atom #22, Label Cu2, Occurence in d 4, s 1, u 1
Atom #23, Label La2, Occurence in d 0, s 0, u 9
Atom #24, Label La2, Occurence in d 0, s 0, u 9
Atom #25, Label La2, Occurence in d 0, s 0, u 9
Atom #26, Label La2, Occurence in d 0, s 0, u 9
Atom #27, Label La2, Occurence in d 0, s 0, u 9
Atom #28, Label La2, Occurence in d 0, s 0, u 9
Atom #29, Label La2, Occurence in d 0, s 0, u 9
Atom #30, Label La2, Occurence in d 0, s 0, u 9
Atom #31, Label La2, Occurence in d 0, s 0, u 9
Atom #32, Label La2, Occurence in d 0, s 0, u 9
Atom #33, Label La2, Occurence in d 0, s 0, u 9
Atom #34, Label La2, Occurence in d 0, s 0, u 9
Atom #35, Label O3, Occurence in d 5, s 0, u 4
Atom #36, Label O3, Occurence in d 5, s 0, u 4
Atom #37, Label O3, Occurence in d 5, s 0, u 4
Atom #38, Label O3, Occurence in d 5, s 0, u 4
Atom #39, Label Cu2, Occurence in d 4, s 1, u 1
Atom #40, Label Cu2, Occurence in d 4, s 1, u 1
Atom #41, Label O3, Occurence in d 5, s 0, u 4
Atom #42, Label O3, Occurence in d 5, s 0, u 4
Atom #43, Label O3, Occurence in d 5, s 0, u 4
Atom #44, Label O3, Occurence in d 5, s 0, u 4
Atom #45, Label O3, Occurence in d 5, s 0, u 4
Atom #46, Label O3, Occurence in d 5, s 0, u 4
Atom #47, Label O3, Occurence in d 5, s 0, u 4
Atom #48, Label O3, Occurence in d 5, s 0, u 4
Atom #49, Label O3, Occurence in d 5, s 0, u 4
Atom #50, Label O3, Occurence in d 5, s 0, u 4
