#INFO: **** input file is /lustre/home/1600011363/neci-work/embedding_code_release/2_proj/2a_proj.py ****
#!/usr/bin/env python3

import numpy as np
from pyscf import gto, scf  # , mcscf, fci
from pyscf.qmmm import mm_charge
from pyscf.tools import molden
import os
import sys
from pyscf.lib import logger
from pyscf.lo import orth
from pyscf.lo import PM
from pyscf.pbc.scf.addons import smearing_
import scipy.linalg
from functools import reduce

# assign project to the filename without .py
pyfile = __file__
project = pyfile[:pyfile.rfind(".")]

mol = gto.Mole()
mol.max_memory = 110*1024
mol.verbose = 4
mol.output = project+".log"
mol.build(
    atom="""
O1     -0.000000000     0.000000000     0.092050000
Cu1     0.006363961     1.904945669     0.000000000
Cu1    -0.006363961    -1.904945669     0.000000000
La1     1.878187334    -0.020394374    -1.814700000
La1    -1.878187334     0.020394374    -1.814700000
La1     1.931704003     0.033122296     1.814700000
La1    -1.931704003    -0.033122296     1.814700000
O2      1.898581707    -1.898581707     0.092050000
O2     -1.898581707     1.898581707     0.092050000
O2      1.911309630     1.911309630    -0.092050000
O2     -1.911309630    -1.911309630    -0.092050000
O2      0.112137236    -1.786444471    -2.459050000
O2     -0.112137236     1.786444471    -2.459050000
O2     -0.124865158    -2.023446866     2.459050000
O2      0.124865158     2.023446866     2.459050000
O2      3.809891337     0.012727922    -0.092050000
O2      0.012727922     3.809891337    -0.092050000
O2     -3.809891337    -0.012727922    -0.092050000
O2     -0.012727922    -3.809891337    -0.092050000
Cu2    -3.803527376     1.892217746     0.000000000
Cu2     3.803527376    -1.892217746     0.000000000
Cu2    -3.816255298    -1.917673591     0.000000000
Cu2     3.816255298     1.917673591     0.000000000
La2     1.890915256     3.789496963     1.814700000
La2    -1.890915256    -3.789496963     1.814700000
La2    -1.918976081     3.776769041    -1.814700000
La2     1.918976081    -3.776769041    -1.814700000
La2     1.865459412    -3.830285711     1.814700000
La2    -1.865459412     3.830285711     1.814700000
La2    -1.944431925    -3.843013633    -1.814700000
La2     1.944431925     3.843013633    -1.814700000
La2     0.020394374    -1.878187334     4.760300000
La2    -0.020394374     1.878187334     4.760300000
La2     0.033122296     1.931704003    -4.760300000
La2    -0.033122296    -1.931704003    -4.760300000
O3      3.797163415    -3.797163415     0.092050000
O3     -3.797163415     3.797163415     0.092050000
O3      3.822619259     3.822619259     0.092050000
O3     -3.822619259    -3.822619259     0.092050000
Cu2     0.019091883     5.714837006     0.000000000
Cu2    -0.019091883    -5.714837006     0.000000000
O3      1.885853785    -5.708473045    -0.092050000
O3     -1.885853785     5.708473045    -0.092050000
O3      5.708473045    -1.885853785    -0.092050000
O3     -5.708473045     1.885853785    -0.092050000
O3     -5.721200967    -1.924037552     0.092050000
O3     -1.924037552    -5.721200967     0.092050000
O3      1.924037552     5.721200967     0.092050000
O3      5.721200967     1.924037552     0.092050000
O3      0.025455844     7.619782674     0.092050000
O3     -0.025455844    -7.619782674     0.092050000
""",
    ecp={"Cu2": "crenbs",
         "La": gto.basis.parse_ecp("""
La nelec 46
La ul
2      1.000000000            0.0000000
La S
2      3.30990000            91.9321770
2      1.65500000            -3.7887640
La P
2      2.83680000            63.7594860
2      1.41840000            -0.6479580
La D
2      2.02130000            36.1191730
2      1.01070000             0.2191140
La F
2      4.02860000           -36.0100160
           """),
         "La2": "crenbs"
         },
    basis={"Cu1": "ccpvdz",
           "Cu2": "crenbs",
           "O1": "ccpvdz",
           "O2": "ccpvdz",
           "O3": "ccpvdz@3s2p",
           "La1":  gto.parse("""
#BASIS SET: (4s4p3d) -> [2s2p1d] Basis  for PP46MWB
La   S
      5.087399            -0.417243             0.000000
      4.270978             0.886010             0.000000
      1.915458            -1.419752             0.000000
      0.525596             0.000000             1.000000
La   P
      3.025161             0.538196             0.000000
      2.382095            -0.981640             0.000000
      0.584426             1.239590             0.000000
      0.260360             0.000000             1.000000
La   D
      1.576824            -0.096944
      0.592390             0.407466
      0.249500             0.704363
END
"""),
           "La2": "crenbs"
           },
    # symmetry=False,
    symmetry=True,
    # symmetry="D2h",
    charge=10,
)

chg_fname = "../0_hf/La214_Grande.evjen.lat"
chg_data = np.loadtxt(chg_fname, skiprows=2)
coords = chg_data[:, 0:3]
assert (coords == np.loadtxt(chg_fname, skiprows=2)[:, 0:3]).all()
charges = chg_data[:, 3]

def dump_flags(qmmm_obj, verbose=None):
    method_class = qmmm_obj.__class__.__bases__[1]
    method_class.dump_flags(qmmm_obj, verbose)
    logger.info(qmmm_obj, "** Add background charges for %s", method_class)
    if qmmm_obj.verbose >= logger.DEBUG:
        logger.debug(qmmm_obj, 'Charge      Location')
        coords = qmmm_obj.mm_mol.atom_coords()
        charges = qmmm_obj.mm_mol.atom_charges()
        if len(charges) <= 12:
            for i, z in enumerate(charges):
                logger.debug(qmmm_obj, '%.9g    %s', z, coords[i])
        else:
            for i, z in enumerate(charges[:6]):
                logger.debug(qmmm_obj, '%.9g    %s', z, coords[i])
            logger.debug(qmmm_obj, '...... (%i point charges in total)', len(charges))
            for i, z in enumerate(charges[-6:]):
                logger.debug(qmmm_obj, '%.9g    %s', z, coords[i])
    return qmmm_obj

def write_mulliken(mf, outdir):
    from orth_csv import save_csv, c_meta_lowdin_ao, dm_meta_lowdin_ao
    s = mf.get_ovlp()
    orth_coeff = orth.orth_ao(mol, "meta_lowdin", s=s)

    if not os.path.exists(outdir):
        os.mkdir(outdir)

    label = mf.mol.ao_labels()
    save_csv(os.path.join(outdir, "meta_lowdin_orth.csv"), orth_coeff, label=label, label2=label)
    _, mo_coeff_orth = c_meta_lowdin_ao(mf.mol, mf.mo_coeff, s=s, orth_coeff=orth_coeff)
    _, dm_orth = dm_meta_lowdin_ao(mf.mol, mf.make_rdm1(), s=s, orth_coeff=orth_coeff)

    mo_coeff_orth_extended = np.vstack((mf.mo_energy, mf.mo_occ, mo_coeff_orth))
    label_extended = np.hstack((["mo_energy", "mo_occ"], label))

    save_csv(os.path.join(outdir, "mo_coeff.csv"), mo_coeff_orth_extended, label_row=label_extended)
    save_csv(os.path.join(outdir, "dm.csv"), dm_orth, label_row=label)

    molden.from_scf(mf, os.path.join(outdir, "scf.molden"))

def mixed_state_(mf, nopen=None):
    # mf should be RHF objects.
    mf_class = mf.__class__

    if nopen % 2 != 0:
        raise ValueError("Mixed RHF's nopen must be even.")
               # In principle is also possible to have odd nelectron and odd nopen,
               # yet it's not the case in our calculation, and not implemented here.

    def get_occ(mo_energy=None, mo_coeff=None):
        '''Label the occupancies for each orbital.
        NOTE the occupancies are not assigned based on the orbital energy ordering.
        The first N orbitals are assigned to be occupied orbitals.

        Examples:

        >>> mol = gto.M(atom='H 0 0 0; O 0 0 1.1', spin=1)
        >>> mf = scf.hf.SCF(mol)
        >>> energy = np.array([-10., -1., 1, -2., 0, -3])
        >>> mf.get_occ(energy)
        array([2, 2, 2, 2, 1, 0])
        '''

        if mo_energy is None: mo_energy = mf.mo_energy
        nmo = mo_energy.size
        mo_occ = np.zeros(nmo)
        if nopen == 0:
            logger.warn(mf, "nopen set to 0. Using original RHF get_occ.")
            mo_occ = mf.__class__.get_occ(mf, mo_energy, mo_coeff)

        nocc = mf.mol.nelectron // 2 + nopen // 2
        ncore = mf.mol.nelectron // 2 - nopen // 2
        logger.debug(mf, '  ncore = %i, nopen = %i' % (ncore, nopen))
        mo_occ = _fill_rohf_occ(mo_energy, ncore, nopen)

        if mf.verbose >= logger.INFO and nocc < nmo and ncore > 0:
            ehomo = max(mo_energy[mo_occ> 0])
            elumo = min(mo_energy[mo_occ==0])
            if ehomo+1e-3 > elumo:
                logger.warn(mf, 'HOMO %.15g >= LUMO %.15g', ehomo, elumo)
            else:
                logger.info(mf, '  HOMO = %.15g  LUMO = %.15g', ehomo, elumo)
            if nopen > 0 and mf.verbose >= logger.DEBUG:
                core_idx = mo_occ == 2
                open_idx = mo_occ == 1
                vir_idx = mo_occ == 0
                logger.debug(mf, '  Frontier mo_energy\'s')
                logger.debug(mf, '  Highest 2-occ = %18.15g', max(mo_energy[core_idx]))
                logger.debug(mf, '  Lowest 0-occ =  %18.15g', min(mo_energy[vir_idx]))
                for i in np.where(open_idx)[0]:
                    logger.debug(mf, '  1-occ = %18.15g', mo_energy[i])

            if mf.verbose >= logger.DEBUG:
                np.set_printoptions(threshold=nmo)
                logger.debug(mf, '  mo_energy =\n%s', mo_energy)
                logger.debug(mf, '  mo_occ = \n%s', mo_occ)
                np.set_printoptions(threshold=1000)
        return mo_occ

    def _fill_rohf_occ(mo_energy, ncore, nopen):
        mo_occ = np.zeros_like(mo_energy)
        open_idx = []
        core_sort = np.argsort(mo_energy)
        core_idx = core_sort[:ncore]
        if nopen > 0:
            open_idx = core_sort[ncore:]
            open_sort = np.argsort(mo_energy[open_idx])
            open_idx = open_idx[open_sort[:nopen]]
        mo_occ[core_idx] = 2
        mo_occ[open_idx] = 1
        return mo_occ

    def eig(h, s):
        e, c = scipy.linalg.eigh(h, s)
        idx = np.argmax(abs(c.real), axis=0)
        c[:,c[idx,np.arange(len(e))].real<0] *= -1
        sort_ind = np.argsort(e)
        e = e[sort_ind]
        c = c[:,sort_ind]
        return e, c

    def get_grad(mo_coeff, mo_occ, fock):
        '''ROHF gradients is the off-diagonal block [co + cv + ov], where
        [ cc co cv ]
        [ oc oo ov ]
        [ vc vo vv ]
        '''
        occidxa = mo_occ > 0
        occidxb = mo_occ == 2
        viridxa = ~occidxa
        viridxb = ~occidxb
        uniq_var_a = viridxa.reshape(-1,1) & occidxa
        uniq_var_b = viridxb.reshape(-1,1) & occidxb

        fock = reduce(np.dot, (mo_coeff.conj().T, fock, mo_coeff))

        g = np.zeros_like(fock)
        g[uniq_var_a]  = fock[uniq_var_a]
        g[uniq_var_b] += fock[uniq_var_b]
        return g[uniq_var_a | uniq_var_b]

    mf.nopen = nopen
    mf._keys = mf._keys.union(['nopen'])
    mf.get_occ = get_occ
    mf.get_grad = get_grad
    mf.eig = eig
    # make_rdm1, get_fock, energy_tot need not be revised,
    # because they are the same as original RHF.
    return mf

def add_vext(mf, mol=None, h1e=None, enuc=None, v_ext=None, e_ext=None):
    '''
        A one-step function to add external potential and extra energy (1-body term, mf.get_hcore(); and constant term, mf.energy_nuc()).
        If this function is called on the same mf for many times, the latter call will remove extra h and e and re-add external terms for the original mf.
        To remove extra terms, just call add_vext(mf) with unspecified v_ext and e_ext.
    '''
    if mol is None:
        mol = mf.mol
    if h1e is None:
        h1e = mf.__class__.get_hcore(mf, mol)
    if enuc is None:
        enuc = mf.__class__.energy_nuc(mf)
    if v_ext is not None:
        logger.note(mf, '** Add external potential for %s **' % mf.__class__)
        mf.get_hcore = lambda *arg: h1e + v_ext
    else:
        logger.note(mf, '** No external potential added for %s **' % mf.__class__)
    if e_ext is not None:
        logger.note(mf, '** Add extra energy %.8f for %s **' % (e_ext, mf.__class__))
        mf.energy_nuc = lambda *arg: enuc + e_ext
    else:
        logger.note(mf, '** No external potential added for %s **' % mf.__class__)



from pyscf.lib.chkfile import load, save
local_chk = "../1_pm/1a_PM.chk"
double_loc_a = load(local_chk, "mo_da")
double_loc_b = load(local_chk, "mo_db")
single_loc_a = load(local_chk, "mo_sa")
single_loc_b = load(local_chk, "mo_sb")
dma = load(local_chk, "dm_a")
dmb = load(local_chk, "dm_b")

mf = mm_charge(scf.RHF(mol), coords, charges)
mf.verbose = 5
s = mf.get_ovlp()
mf.dump_flags = lambda *args, **kwargs: dump_flags(mf, *args, **kwargs)
nelec_a = 2 * double_loc_a.shape[1] + single_loc_a.shape[1]
nopen_a = single_loc_a.shape[1]
mf.mol.nelectron = nelec_a
mixed_state_(mf, nopen = nopen_a)

logger.debug(mf, "*** Start generating hcore *** ")
h = mf.get_hcore()
logger.debug(mf, "*** hcore generated *** ")
logger.debug(mf, "*** Start generating enuc *** ")
e0 = mf.energy_nuc()
logger.debug(mf, "*** enuc generated *** ")
logger.debug(mf, "*** Start generating veff *** ")
veff_a, veff_ab = mf.get_veff(dm=dma), mf.get_veff(dm=dma+dmb)
logger.debug(mf, "*** veff generated *** ")
vemb = veff_ab - veff_a # 1-body embedding potetial without projection
eemb = mf.energy_tot(h1e=h, dm=dma+dmb, vhf=veff_ab) \
     - mf.energy_tot(h1e=h, dm=dma, vhf=veff_a) - np.sum(vemb * dma) # 0-body embedding potential, to reproduce reference energy with dm=dma
vemb += 1e5 * reduce(np.dot, (s, dmb, s))

add_vext(mf, h1e=h, enuc=e0, v_ext=vemb, e_ext=eemb)
mf.chkfile = project + "_rhf_mixed.chk"

save(mf.chkfile, "h1e", h)
save(mf.chkfile, "vemb", vemb)
save(mf.chkfile, "eemb", eemb)
save(mf.chkfile, "vemb_wo_proj", veff_ab - veff_a)

logger.debug(mf, "*** All necessary potential ready. Now start SCF iterations. ***")
mf.kernel(dm0 = dma)

molden.from_scf(mf, project+"_rhf_mixed.molden")

#INFO: ******************** input file end ********************


System: uname_result(system='Linux', node='l02c14n4', release='4.18.0-425.3.1.el8.x86_64', version='#1 SMP Wed Nov 9 20:13:27 UTC 2022', machine='x86_64')  Threads 40
Python 3.11.5 (main, Sep 11 2023, 13:54:46) [GCC 11.2.0]
numpy 1.24.3  scipy 1.11.1
Date: Sun Jun  9 16:43:14 2024
PySCF version 2.5.0
PySCF path  /lustre/home/1600011363/anaconda3/lib/python3.11/site-packages/pyscf

[CONFIG] conf_file None
[INPUT] verbose = 4
[INPUT] num. atoms = 51
[INPUT] num. electrons = 410
[INPUT] charge = 10
[INPUT] spin (= nelec alpha-beta = 2S) = 0
[INPUT] symmetry True subgroup None
[INPUT] Mole.unit = angstrom
[INPUT] Symbol           X                Y                Z      unit          X                Y                Z       unit  Magmom
[INPUT]  1 O1     0.000000000000   0.000000000000   0.092050000000 AA    0.000000000000   0.000000000000   0.173949289766 Bohr   0.0
[INPUT]  2 Cu1    0.006363961000   1.904945669000   0.000000000000 AA    0.012026143357   3.599825596586   0.000000000000 Bohr   0.0
[INPUT]  3 Cu1   -0.006363961000  -1.904945669000   0.000000000000 AA   -0.012026143357  -3.599825596586   0.000000000000 Bohr   0.0
[INPUT]  4 La1    1.878187334000  -0.020394374000  -1.814700000000 AA    3.549259671887  -0.038539781342  -3.429285998248 Bohr   0.0
[INPUT]  5 La1   -1.878187334000   0.020394374000  -1.814700000000 AA   -3.549259671887   0.038539781342  -3.429285998248 Bohr   0.0
[INPUT]  6 La1    1.931704003000   0.033122296000   1.814700000000 AA    3.650391519396   0.062592068057   3.429285998248 Bohr   0.0
[INPUT]  7 La1   -1.931704003000  -0.033122296000   1.814700000000 AA   -3.650391519396  -0.062592068057   3.429285998248 Bohr   0.0
[INPUT]  8 O2     1.898581707000  -1.898581707000   0.092050000000 AA    3.587799451339  -3.587799451339   0.173949289766 Bohr   0.0
[INPUT]  9 O2    -1.898581707000   1.898581707000   0.092050000000 AA   -3.587799451339   3.587799451339   0.173949289766 Bohr   0.0
[INPUT] 10 O2     1.911309630000   1.911309630000  -0.092050000000 AA    3.611851739944   3.611851739944  -0.173949289766 Bohr   0.0
[INPUT] 11 O2    -1.911309630000  -1.911309630000  -0.092050000000 AA   -3.611851739944  -3.611851739944  -0.173949289766 Bohr   0.0
[INPUT] 12 O2     0.112137236000  -1.786444471000  -2.459050000000 AA    0.211908664406  -3.375890786934  -4.646931026612 Bohr   0.0
[INPUT] 13 O2    -0.112137236000   1.786444471000  -2.459050000000 AA   -0.211908664406   3.375890786934  -4.646931026612 Bohr   0.0
[INPUT] 14 O2    -0.124865158000  -2.023446866000   2.459050000000 AA   -0.235960951121  -3.823760404350   4.646931026612 Bohr   0.0
[INPUT] 15 O2     0.124865158000   2.023446866000   2.459050000000 AA    0.235960951121   3.823760404350   4.646931026612 Bohr   0.0
[INPUT] 16 O2     3.809891337000   0.012727922000  -0.092050000000 AA    7.199651191283   0.024052286715  -0.173949289766 Bohr   0.0
[INPUT] 17 O2     0.012727922000   3.809891337000  -0.092050000000 AA    0.024052286715   7.199651191283  -0.173949289766 Bohr   0.0
[INPUT] 18 O2    -3.809891337000  -0.012727922000  -0.092050000000 AA   -7.199651191283  -0.024052286715  -0.173949289766 Bohr   0.0
[INPUT] 19 O2    -0.012727922000  -3.809891337000  -0.092050000000 AA   -0.024052286715  -7.199651191283  -0.173949289766 Bohr   0.0
[INPUT] 20 Cu2   -3.803527376000   1.892217746000   0.000000000000 AA   -7.187625047926   3.575773307982   0.000000000000 Bohr   0.0
[INPUT] 21 Cu2    3.803527376000  -1.892217746000   0.000000000000 AA    7.187625047926  -3.575773307982   0.000000000000 Bohr   0.0
[INPUT] 22 Cu2   -3.816255298000  -1.917673591000   0.000000000000 AA   -7.211677334640  -3.623877883301   0.000000000000 Bohr   0.0
[INPUT] 23 Cu2    3.816255298000   1.917673591000   0.000000000000 AA    7.211677334640   3.623877883301   0.000000000000 Bohr   0.0
[INPUT] 24 La2    1.890915256000   3.789496963000   1.814700000000 AA    3.573311958602   7.161111409941   3.429285998248 Bohr   0.0
[INPUT] 25 La2   -1.890915256000  -3.789496963000   1.814700000000 AA   -3.573311958602  -7.161111409941   3.429285998248 Bohr   0.0
[INPUT] 26 La2   -1.918976081000   3.776769041000  -1.814700000000 AA   -3.626339232681   7.137059123226  -3.429285998248 Bohr   0.0
[INPUT] 27 La2    1.918976081000  -3.776769041000  -1.814700000000 AA    3.626339232681  -7.137059123226  -3.429285998248 Bohr   0.0
[INPUT] 28 La2    1.865459412000  -3.830285711000   1.814700000000 AA    3.525207385172  -7.238190972625   3.429285998248 Bohr   0.0
[INPUT] 29 La2   -1.865459412000   3.830285711000   1.814700000000 AA   -3.525207385172   7.238190972625   3.429285998248 Bohr   0.0
[INPUT] 30 La2   -1.944431925000  -3.843013633000  -1.814700000000 AA   -3.674443806111  -7.262243259340  -3.429285998248 Bohr   0.0
[INPUT] 31 La2    1.944431925000   3.843013633000  -1.814700000000 AA    3.674443806111   7.262243259340  -3.429285998248 Bohr   0.0
[INPUT] 32 La2    0.020394374000  -1.878187334000   4.760300000000 AA    0.038539781342  -3.549259671887   8.995663270767 Bohr   0.0
[INPUT] 33 La2   -0.020394374000   1.878187334000   4.760300000000 AA   -0.038539781342   3.549259671887   8.995663270767 Bohr   0.0
[INPUT] 34 La2    0.033122296000   1.931704003000  -4.760300000000 AA    0.062592068057   3.650391519396  -8.995663270767 Bohr   0.0
[INPUT] 35 La2   -0.033122296000  -1.931704003000  -4.760300000000 AA   -0.062592068057  -3.650391519396  -8.995663270767 Bohr   0.0
[INPUT] 36 O3     3.797163415000  -3.797163415000   0.092050000000 AA    7.175598904568  -7.175598904568   0.173949289766 Bohr   0.0
[INPUT] 37 O3    -3.797163415000   3.797163415000   0.092050000000 AA   -7.175598904568   7.175598904568   0.173949289766 Bohr   0.0
[INPUT] 38 O3     3.822619259000   3.822619259000   0.092050000000 AA    7.223703477998   7.223703477998   0.173949289766 Bohr   0.0
[INPUT] 39 O3    -3.822619259000  -3.822619259000   0.092050000000 AA   -7.223703477998  -7.223703477998   0.173949289766 Bohr   0.0
[INPUT] 40 Cu2    0.019091883000   5.714837006000   0.000000000000 AA    0.036078430072  10.799476787869   0.000000000000 Bohr   0.0
[INPUT] 41 Cu2   -0.019091883000  -5.714837006000   0.000000000000 AA   -0.036078430072 -10.799476787869   0.000000000000 Bohr   0.0
[INPUT] 42 O3     1.885853785000  -5.708473045000  -0.092050000000 AA    3.563747164624 -10.787450644512  -0.173949289766 Bohr   0.0
[INPUT] 43 O3    -1.885853785000   5.708473045000  -0.092050000000 AA   -3.563747164624  10.787450644512  -0.173949289766 Bohr   0.0
[INPUT] 44 O3     5.708473045000  -1.885853785000  -0.092050000000 AA   10.787450644512  -3.563747164624  -0.173949289766 Bohr   0.0
[INPUT] 45 O3    -5.708473045000   1.885853785000  -0.092050000000 AA  -10.787450644512   3.563747164624  -0.173949289766 Bohr   0.0
[INPUT] 46 O3    -5.721200967000  -1.924037552000   0.092050000000 AA  -10.811502931227  -3.635904026659   0.173949289766 Bohr   0.0
[INPUT] 47 O3    -1.924037552000  -5.721200967000   0.092050000000 AA   -3.635904026659 -10.811502931227   0.173949289766 Bohr   0.0
[INPUT] 48 O3     1.924037552000   5.721200967000   0.092050000000 AA    3.635904026659  10.811502931227   0.173949289766 Bohr   0.0
[INPUT] 49 O3     5.721200967000   1.924037552000   0.092050000000 AA   10.811502931227   3.635904026659   0.173949289766 Bohr   0.0
[INPUT] 50 O3     0.025455844000   7.619782674000   0.092050000000 AA    0.048104573430  14.399302382566   0.173949289766 Bohr   0.0
[INPUT] 51 O3    -0.025455844000  -7.619782674000   0.092050000000 AA   -0.048104573430 -14.399302382566   0.173949289766 Bohr   0.0

nuclear repulsion = 9564.87656255217
point group symmetry = C2
symmetry origin: [-3.42758732e-17  0.00000000e+00  1.59582269e-02]
symmetry axis x: [ 9.99919252e-01 -1.27078161e-02 -1.17064196e-19]
symmetry axis y: [-1.27078161e-02 -9.99919252e-01 -9.21123989e-18]
symmetry axis z: [ 0.00000000e+00 -9.21198374e-18  1.00000000e+00]
num. orbitals of irrep A = 296
num. orbitals of irrep B = 294
number of shells = 195
number of NR pGTOs = 1558
number of NR cGTOs = 590
basis = {'Cu1': 'ccpvdz', 'Cu2': 'crenbs', 'O1': 'ccpvdz', 'O2': 'ccpvdz', 'O3': 'ccpvdz@3s2p', 'La1': [[0, [5.087399, -0.417243, 0.0], [4.270978, 0.88601, 0.0], [1.915458, -1.419752, 0.0], [0.525596, 0.0, 1.0]], [1, [3.025161, 0.538196, 0.0], [2.382095, -0.98164, 0.0], [0.584426, 1.23959, 0.0], [0.26036, 0.0, 1.0]], [2, [1.576824, -0.096944], [0.59239, 0.407466], [0.2495, 0.704363]]], 'La2': 'crenbs'}
ecp = {'Cu2': 'crenbs', 'La': [46, [[-1, [[], [], [[1.0, 0.0]], [], [], [], []]], [0, [[], [], [[3.3099, 91.932177], [1.655, -3.788764]], [], [], [], []]], [1, [[], [], [[2.8368, 63.759486], [1.4184, -0.647958]], [], [], [], []]], [2, [[], [], [[2.0213, 36.119173], [1.0107, 0.219114]], [], [], [], []]], [3, [[], [], [[4.0286, -36.010016]], [], [], [], []]]]], 'La2': 'crenbs'}
CPU time:         1.68
*** Start generating hcore *** 
*** hcore generated *** 
*** Start generating enuc *** 
*** enuc generated *** 
*** Start generating veff *** 
    CPU time for init_direct_scf      1.44 sec, wall time      1.45 sec
    CPU time for vj and vk   2099.18 sec, wall time   2107.01 sec
    CPU time for vj and vk   2109.34 sec, wall time   2117.57 sec
*** veff generated *** 
E1 = -26482.131290318957  E_coul = 11618.731835688417
E1 = -15788.05696823075  E_coul = 4552.525653331655
** Add external potential for <class 'pyscf.qmmm.itrf.QMMMSymAdaptedRHF'> **
** Add extra energy -7811.21095728 for <class 'pyscf.qmmm.itrf.QMMMSymAdaptedRHF'> **
*** All necessary potential ready. Now start SCF iterations. ***


******** <class 'pyscf.qmmm.itrf.QMMMSymAdaptedRHF'> ********
method = QMMMSymAdaptedRHF
initial guess = minao
damping factor = 0
level_shift factor = 0
DIIS = <class 'pyscf.scf.diis.CDIIS'>
diis_start_cycle = 1
diis_space = 8
diis_damp = 0
SCF conv_tol = 1e-09
SCF conv_tol_grad = None
SCF max_cycles = 50
direct_scf = True
direct_scf_tol = 1e-13
chkfile to save SCF result = /lustre/home/1600011363/neci-work/embedding_code_release/2_proj/2a_proj_rhf_mixed.chk
max_memory 112640 MB (current use 277 MB)
** Add background charges for <class 'pyscf.scf.hf_symm.SymAdaptedRHF'>
Charge      Location
-2    [-3.37589079  0.21190866  7.77801824]
-2    [ 3.37589079 -0.21190866  7.77801824]
-2    [ 3.8237604   0.23596095 -7.77801824]
-2    [-3.8237604  -0.23596095 -7.77801824]
-2    [6.98774253 3.39994308 4.64693103]
-2    [-6.98774253 -3.39994308  4.64693103]
...... (54793 point charges in total)
2e-09    [-3.37589079  0.21190866  7.77801824]
2e-09    [ 3.37589079 -0.21190866  7.77801824]
2e-09    [ 3.8237604   0.23596095 -7.77801824]
2e-09    [-3.8237604  -0.23596095 -7.77801824]
2e-09    [6.98774253 3.39994308 4.64693103]
2e-09    [-6.98774253 -3.39994308  4.64693103]
Freeze 0 electrons in irreps []
    196 free electrons in irreps A B
Overwritten attributes  eig energy_nuc dump_flags get_grad get_occ get_hcore  of <class 'pyscf.qmmm.itrf.QMMMSymAdaptedRHF'>
Set gradient conv threshold to 3.16228e-05
    CPU time for vj and vk   2097.68 sec, wall time   2105.63 sec
E1 = -11604.714150680218  E_coul = 4552.525653331656
init E= -5766.99818947031
cond(S) = 5443.862309601883
    CPU time for initialize scf   2100.58 sec, wall time   2109.85 sec
  ncore = 97, nopen = 2
  HOMO = 0.0325304768841237  LUMO = 0.161124742943746
  Frontier mo_energy's
  Highest 2-occ =  -0.27491590852972
  Lowest 0-occ =   0.161124742943746
  1-occ = -0.0210761753440188
  1-occ = 0.0325304768841237
  mo_energy =
[-3.28762715e+02 -3.28762711e+02 -4.08078653e+01 -4.08078603e+01
 -3.56091308e+01 -3.56091308e+01 -3.56090092e+01 -3.56090085e+01
 -3.55960383e+01 -3.55960381e+01 -2.03823900e+01 -2.03823892e+01
 -2.03779545e+01 -2.03779539e+01 -2.03777726e+01 -2.03777721e+01
 -2.03757707e+01 -2.03446179e+01 -2.03446172e+01 -2.03438886e+01
 -2.03438880e+01 -4.99072396e+00 -4.99071779e+00 -3.30062947e+00
 -3.30058875e+00 -3.30040501e+00 -3.30039087e+00 -3.28935372e+00
 -3.28934809e+00 -1.61061943e+00 -1.59081950e+00 -1.58889057e+00
 -1.57274032e+00 -1.12090929e+00 -1.10513575e+00 -1.09438080e+00
 -1.09150719e+00 -1.09139357e+00 -1.08724204e+00 -1.08169608e+00
 -1.03818710e+00 -1.03690392e+00 -1.03175749e+00 -1.03158304e+00
 -8.35609234e-01 -8.32730042e-01 -8.30100495e-01 -8.27030572e-01
 -8.24589668e-01 -8.21515573e-01 -8.20530102e-01 -8.18411283e-01
 -8.12357769e-01 -8.00245113e-01 -7.99728213e-01 -7.97968575e-01
 -5.26971303e-01 -5.20412344e-01 -5.00957148e-01 -4.87277206e-01
 -4.83035206e-01 -4.82285084e-01 -4.80560344e-01 -4.76917802e-01
 -4.30060567e-01 -4.23497347e-01 -4.21848010e-01 -4.16731241e-01
 -4.06859607e-01 -4.04181472e-01 -3.97340443e-01 -3.83031837e-01
 -3.71969804e-01 -3.59768961e-01 -3.57246963e-01 -3.54867397e-01
 -3.49198003e-01 -3.46466914e-01 -3.44024448e-01 -3.35236740e-01
 -3.34098946e-01 -3.31726064e-01 -3.30961326e-01 -3.30880173e-01
 -3.17486813e-01 -3.10407216e-01 -3.07817324e-01 -3.07719992e-01
 -3.06159506e-01 -3.03549099e-01 -2.99993261e-01 -2.99263630e-01
 -2.97077754e-01 -2.92893483e-01 -2.91678569e-01 -2.84511371e-01
 -2.74915909e-01 -2.10761753e-02  3.25304769e-02  1.61124743e-01
  1.79430267e-01  1.81399736e-01  1.82623969e-01  2.16268251e-01
  2.19908333e-01  2.27692396e-01  2.30523481e-01  2.38963581e-01
  2.42076693e-01  2.44127720e-01  2.45774890e-01  2.52864491e-01
  2.55864361e-01  2.57592839e-01  2.57900184e-01  2.65436165e-01
  2.66738790e-01  2.71804804e-01  2.75099390e-01  2.86324322e-01
  2.88272001e-01  2.92524357e-01  2.95543533e-01  2.99446214e-01
  3.04405987e-01  3.06382329e-01  3.06409262e-01  3.15503791e-01
  3.16069700e-01  3.16630228e-01  3.21130964e-01  3.22540107e-01
  3.27380589e-01  3.27562416e-01  3.28105008e-01  3.30516560e-01
  3.34595718e-01  3.37988823e-01  3.39546751e-01  3.42065172e-01
  3.42468102e-01  3.44475474e-01  3.46328217e-01  3.51612355e-01
  3.54377358e-01  3.56085621e-01  3.57176803e-01  3.58844520e-01
  3.60465224e-01  3.61405600e-01  3.62473348e-01  3.65757903e-01
  3.68889958e-01  3.71018772e-01  3.73501111e-01  3.74225443e-01
  3.76199270e-01  3.79830234e-01  3.79871264e-01  3.82778157e-01
  3.83533565e-01  3.86083834e-01  3.86841871e-01  3.87370575e-01
  3.89615471e-01  3.90115046e-01  3.91446150e-01  3.92381734e-01
  3.94655222e-01  3.96897139e-01  3.96977477e-01  3.98206871e-01
  4.00665475e-01  4.01627674e-01  4.03738518e-01  4.05071957e-01
  4.11167537e-01  4.11545059e-01  4.13510851e-01  4.14029525e-01
  4.15137046e-01  4.16373854e-01  4.16705111e-01  4.20048887e-01
  4.23250662e-01  4.23984385e-01  4.25898450e-01  4.29905528e-01
  4.33563749e-01  4.34891079e-01  4.37041298e-01  4.42980934e-01
  4.46252744e-01  4.46911205e-01  4.49291843e-01  4.51112177e-01
  4.58901472e-01  4.58940734e-01  4.60465412e-01  4.61303270e-01
  4.67112955e-01  4.67999709e-01  4.71949953e-01  4.78114398e-01
  4.83815583e-01  4.85495700e-01  4.89923770e-01  4.97393461e-01
  4.98134609e-01  4.98988173e-01  5.03352826e-01  5.14533545e-01
  5.22049208e-01  5.28369303e-01  5.52043404e-01  5.60615774e-01
  5.74382631e-01  5.83825585e-01  5.97604656e-01  6.19145704e-01
  6.19635541e-01  6.27238546e-01  6.30883949e-01  6.39769427e-01
  6.63697026e-01  6.75924460e-01  6.81856535e-01  7.18374495e-01
  7.67715352e-01  7.67942259e-01  8.19775172e-01  8.40950348e-01
  8.44146025e-01  8.46270159e-01  8.61777342e-01  8.80242182e-01
  8.86395010e-01  8.88661080e-01  8.95812371e-01  9.20561975e-01
  9.36482073e-01  9.46017582e-01  9.54238411e-01  9.75620088e-01
  1.12903408e+00  1.14931173e+00  1.15396142e+00  1.16495689e+00
  1.17618987e+00  1.18093655e+00  1.19137832e+00  1.20269388e+00
  1.21539467e+00  1.22522204e+00  1.23266616e+00  1.24043818e+00
  1.25091966e+00  1.26656459e+00  1.27415856e+00  1.28020199e+00
  1.29060785e+00  1.29318429e+00  1.29644629e+00  1.29759848e+00
  1.30081970e+00  1.30558784e+00  1.30787232e+00  1.30820463e+00
  1.31321048e+00  1.31577011e+00  1.32355364e+00  1.32555694e+00
  1.33273842e+00  1.34764496e+00  1.36043746e+00  1.36693266e+00
  1.37699899e+00  1.38340519e+00  1.39805667e+00  1.40477071e+00
  1.41411243e+00  1.41762286e+00  1.42090305e+00  1.43645588e+00
  1.45872599e+00  1.46303332e+00  1.46986389e+00  1.47363968e+00
  1.47838604e+00  1.48361101e+00  1.49042043e+00  1.49580419e+00
  1.50387427e+00  1.52205920e+00  1.55323985e+00  1.55825370e+00
  1.56032054e+00  1.56076513e+00  1.56376633e+00  1.58086279e+00
  1.58631520e+00  1.59712399e+00  1.60006459e+00  1.60205874e+00
  1.60559048e+00  1.60871361e+00  1.61473056e+00  1.61906360e+00
  1.62256791e+00  1.63066029e+00  1.63453344e+00  1.63881962e+00
  1.64086823e+00  1.64234495e+00  1.65540712e+00  1.65724418e+00
  1.67260883e+00  1.67943979e+00  1.69537877e+00  1.70679157e+00
  1.71986078e+00  1.72277255e+00  1.73338390e+00  1.73745531e+00
  1.76402107e+00  1.78437319e+00  1.79936783e+00  1.80519010e+00
  1.82678389e+00  1.83907395e+00  1.85148174e+00  1.85506923e+00
  1.85936651e+00  1.88400868e+00  1.88557624e+00  1.90784370e+00
  1.91099418e+00  1.91223259e+00  1.92248903e+00  1.94086578e+00
  1.94329304e+00  1.95933590e+00  1.98162124e+00  2.00234920e+00
  2.01706409e+00  2.02678061e+00  2.03443654e+00  2.05629712e+00
  2.11274266e+00  2.16158331e+00  2.17577105e+00  2.25102111e+00
  2.27170881e+00  2.27308602e+00  2.27454417e+00  2.31414109e+00
  2.37759237e+00  2.40662176e+00  2.41407462e+00  2.47993579e+00
  2.50117875e+00  2.54474916e+00  2.61322564e+00  2.65068283e+00
  2.66871452e+00  2.78442549e+00  2.79059937e+00  2.83699533e+00
  2.84422578e+00  2.90423222e+00  2.91418019e+00  2.95683020e+00
  2.96741174e+00  2.98376170e+00  2.99129987e+00  3.03790297e+00
  3.04228559e+00  3.07590323e+00  3.08233265e+00  3.08409560e+00
  3.09044605e+00  3.09389376e+00  3.09475414e+00  3.09475490e+00
  3.10070027e+00  3.10725488e+00  3.10731372e+00  3.10791972e+00
  3.10843354e+00  3.11000203e+00  3.11139189e+00  3.11316836e+00
  3.11479970e+00  3.11543129e+00  3.11783557e+00  3.11978611e+00
  3.12180535e+00  3.12236428e+00  3.12707749e+00  3.12805026e+00
  3.12831270e+00  3.12924284e+00  3.12958422e+00  3.13613877e+00
  3.14252589e+00  3.14593771e+00  3.14763499e+00  3.14973068e+00
  3.15351732e+00  3.15797509e+00  3.17057690e+00  3.17296006e+00
  3.18081801e+00  3.19143572e+00  3.22816150e+00  3.23769829e+00
  3.23861597e+00  3.24351337e+00  3.24662567e+00  3.27328489e+00
  3.28132038e+00  3.28224484e+00  3.28753529e+00  3.30699503e+00
  3.31043647e+00  3.31734079e+00  3.32055673e+00  3.33120875e+00
  3.35059771e+00  3.35474232e+00  3.36080521e+00  3.38765384e+00
  3.40619878e+00  3.43722132e+00  3.44563578e+00  3.45880702e+00
  3.47643263e+00  3.50765186e+00  3.51738797e+00  3.55868616e+00
  3.58087465e+00  3.59767501e+00  3.69544389e+00  3.71945264e+00
  3.73768982e+00  3.74836140e+00  3.76606794e+00  3.80851854e+00
  3.85957242e+00  3.86483722e+00  3.88794807e+00  3.90674653e+00
  3.98135034e+00  4.05671581e+00  4.06019533e+00  4.08775573e+00
  4.10911822e+00  4.16066379e+00  4.16915303e+00  4.17562809e+00
  4.31550658e+00  4.70368890e+00  5.38304674e+00  5.38445917e+00
  5.40188199e+00  5.40798477e+00  5.41032433e+00  5.41945550e+00
  5.42270780e+00  5.42703704e+00  5.42767394e+00  5.43614248e+00
  5.64917131e+00  5.65386898e+00  5.65585283e+00  5.71503901e+00
  1.69238465e+01  1.70981240e+01  1.71446918e+01  1.73113062e+01
  9.99999274e+04  9.99999367e+04  9.99999619e+04  9.99999690e+04
  9.99999993e+04  9.99999998e+04  1.99979599e+05  1.99979599e+05
  1.99979599e+05  1.99979599e+05  1.99979600e+05  1.99979600e+05
  1.99979600e+05  1.99979600e+05  1.99979618e+05  1.99979618e+05
  1.99979619e+05  1.99979619e+05  1.99979619e+05  1.99979619e+05
  1.99979627e+05  1.99979627e+05  1.99998898e+05  1.99998899e+05
  1.99998901e+05  1.99998903e+05  1.99998908e+05  1.99998911e+05
  1.99998914e+05  1.99998918e+05  1.99998921e+05  1.99998923e+05
  1.99998932e+05  1.99998933e+05  1.99998935e+05  1.99998935e+05
  1.99998937e+05  1.99998937e+05  1.99999478e+05  1.99999478e+05
  1.99999483e+05  1.99999483e+05  1.99999491e+05  1.99999491e+05
  1.99999500e+05  1.99999505e+05  1.99999510e+05  1.99999515e+05
  1.99999515e+05  1.99999519e+05  1.99999520e+05  1.99999520e+05
  1.99999528e+05  1.99999528e+05  1.99999528e+05  1.99999528e+05
  1.99999529e+05  1.99999529e+05  1.99999529e+05  1.99999529e+05
  1.99999533e+05  1.99999537e+05  1.99999573e+05  1.99999574e+05
  1.99999577e+05  1.99999579e+05  1.99999583e+05  1.99999589e+05
  1.99999595e+05  1.99999598e+05  1.99999599e+05  1.99999600e+05
  1.99999627e+05  1.99999628e+05  1.99999629e+05  1.99999631e+05
  1.99999632e+05  1.99999633e+05  1.99999635e+05  1.99999638e+05
  1.99999639e+05  1.99999640e+05  1.99999641e+05  1.99999642e+05
  1.99999643e+05  1.99999643e+05  1.99999643e+05  1.99999647e+05
  1.99999648e+05  1.99999653e+05  1.99999655e+05  1.99999658e+05
  1.99999659e+05  1.99999659e+05  1.99999660e+05  1.99999662e+05
  1.99999664e+05  1.99999664e+05  1.99999664e+05  1.99999665e+05
  1.99999666e+05  1.99999666e+05  1.99999674e+05  1.99999674e+05
  1.99999680e+05  1.99999685e+05  1.99999695e+05  1.99999699e+05
  1.99999706e+05  1.99999714e+05]
  mo_occ = 
[2. 2. 2. 2. 2. 2. 2. 2. 2. 2. 2. 2. 2. 2. 2. 2. 2. 2. 2. 2. 2. 2. 2. 2.
 2. 2. 2. 2. 2. 2. 2. 2. 2. 2. 2. 2. 2. 2. 2. 2. 2. 2. 2. 2. 2. 2. 2. 2.
 2. 2. 2. 2. 2. 2. 2. 2. 2. 2. 2. 2. 2. 2. 2. 2. 2. 2. 2. 2. 2. 2. 2. 2.
 2. 2. 2. 2. 2. 2. 2. 2. 2. 2. 2. 2. 2. 2. 2. 2. 2. 2. 2. 2. 2. 2. 2. 2.
 2. 1. 1. 0. 0. 0. 0. 0. 0. 0. 0. 0. 0. 0. 0. 0. 0. 0. 0. 0. 0. 0. 0. 0.
 0. 0. 0. 0. 0. 0. 0. 0. 0. 0. 0. 0. 0. 0. 0. 0. 0. 0. 0. 0. 0. 0. 0. 0.
 0. 0. 0. 0. 0. 0. 0. 0. 0. 0. 0. 0. 0. 0. 0. 0. 0. 0. 0. 0. 0. 0. 0. 0.
 0. 0. 0. 0. 0. 0. 0. 0. 0. 0. 0. 0. 0. 0. 0. 0. 0. 0. 0. 0. 0. 0. 0. 0.
 0. 0. 0. 0. 0. 0. 0. 0. 0. 0. 0. 0. 0. 0. 0. 0. 0. 0. 0. 0. 0. 0. 0. 0.
 0. 0. 0. 0. 0. 0. 0. 0. 0. 0. 0. 0. 0. 0. 0. 0. 0. 0. 0. 0. 0. 0. 0. 0.
 0. 0. 0. 0. 0. 0. 0. 0. 0. 0. 0. 0. 0. 0. 0. 0. 0. 0. 0. 0. 0. 0. 0. 0.
 0. 0. 0. 0. 0. 0. 0. 0. 0. 0. 0. 0. 0. 0. 0. 0. 0. 0. 0. 0. 0. 0. 0. 0.
 0. 0. 0. 0. 0. 0. 0. 0. 0. 0. 0. 0. 0. 0. 0. 0. 0. 0. 0. 0. 0. 0. 0. 0.
 0. 0. 0. 0. 0. 0. 0. 0. 0. 0. 0. 0. 0. 0. 0. 0. 0. 0. 0. 0. 0. 0. 0. 0.
 0. 0. 0. 0. 0. 0. 0. 0. 0. 0. 0. 0. 0. 0. 0. 0. 0. 0. 0. 0. 0. 0. 0. 0.
 0. 0. 0. 0. 0. 0. 0. 0. 0. 0. 0. 0. 0. 0. 0. 0. 0. 0. 0. 0. 0. 0. 0. 0.
 0. 0. 0. 0. 0. 0. 0. 0. 0. 0. 0. 0. 0. 0. 0. 0. 0. 0. 0. 0. 0. 0. 0. 0.
 0. 0. 0. 0. 0. 0. 0. 0. 0. 0. 0. 0. 0. 0. 0. 0. 0. 0. 0. 0. 0. 0. 0. 0.
 0. 0. 0. 0. 0. 0. 0. 0. 0. 0. 0. 0. 0. 0. 0. 0. 0. 0. 0. 0. 0. 0. 0. 0.
 0. 0. 0. 0. 0. 0. 0. 0. 0. 0. 0. 0. 0. 0. 0. 0. 0. 0. 0. 0. 0. 0. 0. 0.
 0. 0. 0. 0. 0. 0. 0. 0. 0. 0. 0. 0. 0. 0. 0. 0. 0. 0. 0. 0. 0. 0. 0. 0.
 0. 0. 0. 0. 0. 0. 0. 0. 0. 0. 0. 0. 0. 0. 0. 0. 0. 0. 0. 0. 0. 0. 0. 0.
 0. 0. 0. 0. 0. 0. 0. 0. 0. 0. 0. 0. 0. 0. 0. 0. 0. 0. 0. 0. 0. 0. 0. 0.
 0. 0. 0. 0. 0. 0. 0. 0. 0. 0. 0. 0. 0. 0. 0. 0. 0. 0. 0. 0. 0. 0. 0. 0.
 0. 0. 0. 0. 0. 0. 0. 0. 0. 0. 0. 0. 0. 0.]
    CPU time for vj and vk   1345.09 sec, wall time   1350.22 sec
E1 = -11604.714268732787  E_coul = 4552.525770511013
cycle= 1 E= -5766.99819034352  delta_E= -8.73e-07  |g|= 6.14e-06  |ddm|= 1.38e-05
    CPU time for cycle= 1   1346.74 sec, wall time   1351.91 sec
  ncore = 97, nopen = 2
  HOMO = 0.0325312326551674  LUMO = 0.161124738859123
  Frontier mo_energy's
  Highest 2-occ = -0.274915559637594
  Lowest 0-occ =   0.161124738859123
  1-occ = -0.0210753927362718
  1-occ = 0.0325312326551674
  mo_energy =
[-3.28762713e+02 -3.28762709e+02 -4.08078634e+01 -4.08078584e+01
 -3.56091288e+01 -3.56091288e+01 -3.56090072e+01 -3.56090066e+01
 -3.55960364e+01 -3.55960362e+01 -2.03823912e+01 -2.03823904e+01
 -2.03779524e+01 -2.03779518e+01 -2.03777720e+01 -2.03777714e+01
 -2.03757691e+01 -2.03446177e+01 -2.03446170e+01 -2.03438882e+01
 -2.03438876e+01 -4.99072277e+00 -4.99071660e+00 -3.30062831e+00
 -3.30058760e+00 -3.30040387e+00 -3.30038972e+00 -3.28935258e+00
 -3.28934695e+00 -1.61061926e+00 -1.59081934e+00 -1.58889040e+00
 -1.57274016e+00 -1.12090860e+00 -1.10513539e+00 -1.09438022e+00
 -1.09150729e+00 -1.09139294e+00 -1.08724223e+00 -1.08169560e+00
 -1.03818698e+00 -1.03690380e+00 -1.03175728e+00 -1.03158284e+00
 -8.35609066e-01 -8.32729862e-01 -8.30100319e-01 -8.27030391e-01
 -8.24589492e-01 -8.21515408e-01 -8.20529935e-01 -8.18411115e-01
 -8.12357585e-01 -8.00244911e-01 -7.99728030e-01 -7.97968400e-01
 -5.26970403e-01 -5.20411442e-01 -5.00956441e-01 -4.87276300e-01
 -4.83034312e-01 -4.82284193e-01 -4.80559526e-01 -4.76916923e-01
 -4.30059954e-01 -4.23496818e-01 -4.21847487e-01 -4.16731227e-01
 -4.06859224e-01 -4.04181166e-01 -3.97340091e-01 -3.83031604e-01
 -3.71969584e-01 -3.59768627e-01 -3.57246715e-01 -3.54867059e-01
 -3.49197948e-01 -3.46466438e-01 -3.44023907e-01 -3.35236608e-01
 -3.34098531e-01 -3.31725502e-01 -3.30960781e-01 -3.30879885e-01
 -3.17486420e-01 -3.10407065e-01 -3.07817132e-01 -3.07719902e-01
 -3.06159347e-01 -3.03548850e-01 -2.99993121e-01 -2.99263344e-01
 -2.97077537e-01 -2.92893355e-01 -2.91678261e-01 -2.84511114e-01
 -2.74915560e-01 -2.10753927e-02  3.25312327e-02  1.61124739e-01
  1.79430282e-01  1.81399763e-01  1.82623976e-01  2.16268251e-01
  2.19908334e-01  2.27692411e-01  2.30523481e-01  2.38963585e-01
  2.42076717e-01  2.44127724e-01  2.45774892e-01  2.52864498e-01
  2.55864369e-01  2.57592839e-01  2.57900192e-01  2.65436176e-01
  2.66738796e-01  2.71804829e-01  2.75099404e-01  2.86324323e-01
  2.88272007e-01  2.92524374e-01  2.95543558e-01  2.99446258e-01
  3.04406006e-01  3.06382358e-01  3.06409276e-01  3.15503816e-01
  3.16069718e-01  3.16630262e-01  3.21130982e-01  3.22540140e-01
  3.27380611e-01  3.27562483e-01  3.28105037e-01  3.30516616e-01
  3.34595758e-01  3.37988854e-01  3.39546789e-01  3.42065184e-01
  3.42468142e-01  3.44475495e-01  3.46328256e-01  3.51612382e-01
  3.54377393e-01  3.56085642e-01  3.57176826e-01  3.58844578e-01
  3.60465253e-01  3.61405641e-01  3.62473395e-01  3.65757948e-01
  3.68889979e-01  3.71018807e-01  3.73501158e-01  3.74225479e-01
  3.76199300e-01  3.79830290e-01  3.79871290e-01  3.82778210e-01
  3.83533597e-01  3.86083889e-01  3.86841887e-01  3.87370650e-01
  3.89615539e-01  3.90115078e-01  3.91446235e-01  3.92381781e-01
  3.94655261e-01  3.96897165e-01  3.96977506e-01  3.98206929e-01
  4.00665512e-01  4.01627717e-01  4.03738542e-01  4.05071997e-01
  4.11167588e-01  4.11545114e-01  4.13510906e-01  4.14029576e-01
  4.15137103e-01  4.16373886e-01  4.16705236e-01  4.20048910e-01
  4.23250716e-01  4.23984588e-01  4.25898564e-01  4.29905625e-01
  4.33563863e-01  4.34891167e-01  4.37041435e-01  4.42981028e-01
  4.46252867e-01  4.46911216e-01  4.49291911e-01  4.51112212e-01
  4.58901588e-01  4.58940860e-01  4.60465544e-01  4.61303363e-01
  4.67113044e-01  4.67999862e-01  4.71950070e-01  4.78114464e-01
  4.83815603e-01  4.85495792e-01  4.89923802e-01  4.97393551e-01
  4.98134701e-01  4.98988204e-01  5.03352916e-01  5.14533633e-01
  5.22049323e-01  5.28369406e-01  5.52043426e-01  5.60615850e-01
  5.74382937e-01  5.83825601e-01  5.97604679e-01  6.19145729e-01
  6.19635672e-01  6.27238827e-01  6.30884155e-01  6.39769601e-01
  6.63697213e-01  6.75924619e-01  6.81856706e-01  7.18374601e-01
  7.67715536e-01  7.67942382e-01  8.19775532e-01  8.40950630e-01
  8.44146191e-01  8.46270422e-01  8.61777442e-01  8.80242502e-01
  8.86395305e-01  8.88661367e-01  8.95812511e-01  9.20562296e-01
  9.36482401e-01  9.46017586e-01  9.54238504e-01  9.75620498e-01
  1.12903439e+00  1.14931199e+00  1.15396144e+00  1.16495696e+00
  1.17618990e+00  1.18093657e+00  1.19137846e+00  1.20269388e+00
  1.21539479e+00  1.22522205e+00  1.23266629e+00  1.24043833e+00
  1.25091967e+00  1.26656462e+00  1.27415868e+00  1.28020202e+00
  1.29060788e+00  1.29318429e+00  1.29644630e+00  1.29759859e+00
  1.30081969e+00  1.30558785e+00  1.30787235e+00  1.30820462e+00
  1.31321050e+00  1.31577012e+00  1.32355369e+00  1.32555699e+00
  1.33273850e+00  1.34764496e+00  1.36043756e+00  1.36693275e+00
  1.37699908e+00  1.38340531e+00  1.39805674e+00  1.40477092e+00
  1.41411248e+00  1.41762289e+00  1.42090311e+00  1.43645601e+00
  1.45872599e+00  1.46303334e+00  1.46986390e+00  1.47363970e+00
  1.47838610e+00  1.48361114e+00  1.49042048e+00  1.49580425e+00
  1.50387439e+00  1.52205930e+00  1.55323991e+00  1.55825385e+00
  1.56032095e+00  1.56076538e+00  1.56376651e+00  1.58086313e+00
  1.58631529e+00  1.59712418e+00  1.60006460e+00  1.60205876e+00
  1.60559040e+00  1.60871369e+00  1.61473063e+00  1.61906371e+00
  1.62256825e+00  1.63066033e+00  1.63453366e+00  1.63881994e+00
  1.64086849e+00  1.64234533e+00  1.65540732e+00  1.65724443e+00
  1.67260875e+00  1.67944018e+00  1.69537910e+00  1.70679187e+00
  1.71986092e+00  1.72277251e+00  1.73338401e+00  1.73745542e+00
  1.76402128e+00  1.78437324e+00  1.79936793e+00  1.80519021e+00
  1.82678407e+00  1.83907404e+00  1.85148191e+00  1.85506943e+00
  1.85936665e+00  1.88400904e+00  1.88557637e+00  1.90784377e+00
  1.91099426e+00  1.91223271e+00  1.92248913e+00  1.94086609e+00
  1.94329324e+00  1.95933608e+00  1.98162130e+00  2.00234934e+00
  2.01706439e+00  2.02678076e+00  2.03443681e+00  2.05629744e+00
  2.11274292e+00  2.16158351e+00  2.17577127e+00  2.25102134e+00
  2.27170892e+00  2.27308619e+00  2.27454460e+00  2.31414128e+00
  2.37759277e+00  2.40662216e+00  2.41407506e+00  2.47993619e+00
  2.50117927e+00  2.54474944e+00  2.61322565e+00  2.65068306e+00
  2.66871490e+00  2.78442578e+00  2.79059958e+00  2.83699550e+00
  2.84422597e+00  2.90423263e+00  2.91418054e+00  2.95683061e+00
  2.96741192e+00  2.98376212e+00  2.99130039e+00  3.03790329e+00
  3.04228597e+00  3.07590363e+00  3.08233303e+00  3.08409545e+00
  3.09044584e+00  3.09389383e+00  3.09475455e+00  3.09475502e+00
  3.10070043e+00  3.10725498e+00  3.10731382e+00  3.10791984e+00
  3.10843362e+00  3.11000230e+00  3.11139226e+00  3.11316855e+00
  3.11480014e+00  3.11543158e+00  3.11783584e+00  3.11978629e+00
  3.12180551e+00  3.12236445e+00  3.12707784e+00  3.12805039e+00
  3.12831291e+00  3.12924294e+00  3.12958438e+00  3.13613905e+00
  3.14252617e+00  3.14593792e+00  3.14763517e+00  3.14973087e+00
  3.15351750e+00  3.15797537e+00  3.17057705e+00  3.17296029e+00
  3.18081827e+00  3.19143564e+00  3.22816189e+00  3.23769892e+00
  3.23861636e+00  3.24351384e+00  3.24662588e+00  3.27328524e+00
  3.28132077e+00  3.28224520e+00  3.28753563e+00  3.30699550e+00
  3.31043683e+00  3.31734123e+00  3.32055717e+00  3.33120911e+00
  3.35059801e+00  3.35474268e+00  3.36080547e+00  3.38765463e+00
  3.40619917e+00  3.43722167e+00  3.44563604e+00  3.45880725e+00
  3.47643289e+00  3.50765227e+00  3.51738818e+00  3.55868642e+00
  3.58087513e+00  3.59767530e+00  3.69544461e+00  3.71945311e+00
  3.73769020e+00  3.74836163e+00  3.76606822e+00  3.80851911e+00
  3.85957270e+00  3.86483759e+00  3.88794846e+00  3.90674706e+00
  3.98135100e+00  4.05671635e+00  4.06019547e+00  4.08775643e+00
  4.10911900e+00  4.16066449e+00  4.16915324e+00  4.17562845e+00
  4.31550675e+00  4.70368898e+00  5.38304761e+00  5.38446003e+00
  5.40188283e+00  5.40798565e+00  5.41032521e+00  5.41945634e+00
  5.42270867e+00  5.42703789e+00  5.42767479e+00  5.43614333e+00
  5.64917215e+00  5.65386985e+00  5.65585370e+00  5.71503985e+00
  1.69238466e+01  1.70981242e+01  1.71446920e+01  1.73113063e+01
  9.99999274e+04  9.99999367e+04  9.99999619e+04  9.99999690e+04
  9.99999993e+04  9.99999998e+04  1.99979599e+05  1.99979599e+05
  1.99979599e+05  1.99979599e+05  1.99979600e+05  1.99979600e+05
  1.99979600e+05  1.99979600e+05  1.99979618e+05  1.99979618e+05
  1.99979619e+05  1.99979619e+05  1.99979619e+05  1.99979619e+05
  1.99979627e+05  1.99979627e+05  1.99998898e+05  1.99998899e+05
  1.99998901e+05  1.99998903e+05  1.99998908e+05  1.99998911e+05
  1.99998914e+05  1.99998918e+05  1.99998921e+05  1.99998923e+05
  1.99998932e+05  1.99998933e+05  1.99998935e+05  1.99998935e+05
  1.99998937e+05  1.99998937e+05  1.99999478e+05  1.99999478e+05
  1.99999483e+05  1.99999483e+05  1.99999491e+05  1.99999491e+05
  1.99999500e+05  1.99999505e+05  1.99999510e+05  1.99999515e+05
  1.99999515e+05  1.99999519e+05  1.99999520e+05  1.99999520e+05
  1.99999528e+05  1.99999528e+05  1.99999528e+05  1.99999528e+05
  1.99999529e+05  1.99999529e+05  1.99999529e+05  1.99999529e+05
  1.99999533e+05  1.99999537e+05  1.99999573e+05  1.99999574e+05
  1.99999577e+05  1.99999579e+05  1.99999583e+05  1.99999589e+05
  1.99999595e+05  1.99999598e+05  1.99999599e+05  1.99999600e+05
  1.99999627e+05  1.99999628e+05  1.99999629e+05  1.99999631e+05
  1.99999632e+05  1.99999633e+05  1.99999635e+05  1.99999638e+05
  1.99999639e+05  1.99999640e+05  1.99999641e+05  1.99999642e+05
  1.99999643e+05  1.99999643e+05  1.99999643e+05  1.99999647e+05
  1.99999648e+05  1.99999653e+05  1.99999655e+05  1.99999658e+05
  1.99999659e+05  1.99999659e+05  1.99999660e+05  1.99999662e+05
  1.99999664e+05  1.99999664e+05  1.99999664e+05  1.99999665e+05
  1.99999666e+05  1.99999666e+05  1.99999674e+05  1.99999674e+05
  1.99999680e+05  1.99999685e+05  1.99999695e+05  1.99999699e+05
  1.99999706e+05  1.99999714e+05]
  mo_occ = 
[2. 2. 2. 2. 2. 2. 2. 2. 2. 2. 2. 2. 2. 2. 2. 2. 2. 2. 2. 2. 2. 2. 2. 2.
 2. 2. 2. 2. 2. 2. 2. 2. 2. 2. 2. 2. 2. 2. 2. 2. 2. 2. 2. 2. 2. 2. 2. 2.
 2. 2. 2. 2. 2. 2. 2. 2. 2. 2. 2. 2. 2. 2. 2. 2. 2. 2. 2. 2. 2. 2. 2. 2.
 2. 2. 2. 2. 2. 2. 2. 2. 2. 2. 2. 2. 2. 2. 2. 2. 2. 2. 2. 2. 2. 2. 2. 2.
 2. 1. 1. 0. 0. 0. 0. 0. 0. 0. 0. 0. 0. 0. 0. 0. 0. 0. 0. 0. 0. 0. 0. 0.
 0. 0. 0. 0. 0. 0. 0. 0. 0. 0. 0. 0. 0. 0. 0. 0. 0. 0. 0. 0. 0. 0. 0. 0.
 0. 0. 0. 0. 0. 0. 0. 0. 0. 0. 0. 0. 0. 0. 0. 0. 0. 0. 0. 0. 0. 0. 0. 0.
 0. 0. 0. 0. 0. 0. 0. 0. 0. 0. 0. 0. 0. 0. 0. 0. 0. 0. 0. 0. 0. 0. 0. 0.
 0. 0. 0. 0. 0. 0. 0. 0. 0. 0. 0. 0. 0. 0. 0. 0. 0. 0. 0. 0. 0. 0. 0. 0.
 0. 0. 0. 0. 0. 0. 0. 0. 0. 0. 0. 0. 0. 0. 0. 0. 0. 0. 0. 0. 0. 0. 0. 0.
 0. 0. 0. 0. 0. 0. 0. 0. 0. 0. 0. 0. 0. 0. 0. 0. 0. 0. 0. 0. 0. 0. 0. 0.
 0. 0. 0. 0. 0. 0. 0. 0. 0. 0. 0. 0. 0. 0. 0. 0. 0. 0. 0. 0. 0. 0. 0. 0.
 0. 0. 0. 0. 0. 0. 0. 0. 0. 0. 0. 0. 0. 0. 0. 0. 0. 0. 0. 0. 0. 0. 0. 0.
 0. 0. 0. 0. 0. 0. 0. 0. 0. 0. 0. 0. 0. 0. 0. 0. 0. 0. 0. 0. 0. 0. 0. 0.
 0. 0. 0. 0. 0. 0. 0. 0. 0. 0. 0. 0. 0. 0. 0. 0. 0. 0. 0. 0. 0. 0. 0. 0.
 0. 0. 0. 0. 0. 0. 0. 0. 0. 0. 0. 0. 0. 0. 0. 0. 0. 0. 0. 0. 0. 0. 0. 0.
 0. 0. 0. 0. 0. 0. 0. 0. 0. 0. 0. 0. 0. 0. 0. 0. 0. 0. 0. 0. 0. 0. 0. 0.
 0. 0. 0. 0. 0. 0. 0. 0. 0. 0. 0. 0. 0. 0. 0. 0. 0. 0. 0. 0. 0. 0. 0. 0.
 0. 0. 0. 0. 0. 0. 0. 0. 0. 0. 0. 0. 0. 0. 0. 0. 0. 0. 0. 0. 0. 0. 0. 0.
 0. 0. 0. 0. 0. 0. 0. 0. 0. 0. 0. 0. 0. 0. 0. 0. 0. 0. 0. 0. 0. 0. 0. 0.
 0. 0. 0. 0. 0. 0. 0. 0. 0. 0. 0. 0. 0. 0. 0. 0. 0. 0. 0. 0. 0. 0. 0. 0.
 0. 0. 0. 0. 0. 0. 0. 0. 0. 0. 0. 0. 0. 0. 0. 0. 0. 0. 0. 0. 0. 0. 0. 0.
 0. 0. 0. 0. 0. 0. 0. 0. 0. 0. 0. 0. 0. 0. 0. 0. 0. 0. 0. 0. 0. 0. 0. 0.
 0. 0. 0. 0. 0. 0. 0. 0. 0. 0. 0. 0. 0. 0. 0. 0. 0. 0. 0. 0. 0. 0. 0. 0.
 0. 0. 0. 0. 0. 0. 0. 0. 0. 0. 0. 0. 0. 0.]
    CPU time for vj and vk   1289.27 sec, wall time   1294.23 sec
E1 = -11604.714143522642  E_coul = 4552.525645300808
cycle= 2 E= -5766.99819034358  delta_E= -6.09e-11  |g|= 5.75e-06  |ddm|= 1.16e-05
    CPU time for cycle= 2   1291.17 sec, wall time   1296.62 sec
  ncore = 97, nopen = 2
  HOMO = 0.0325302836150424  LUMO = 0.161124745962748
  Frontier mo_energy's
  Highest 2-occ = -0.274915891976681
  Lowest 0-occ =   0.161124745962748
  1-occ = -0.021076262781238
  1-occ = 0.0325302836150424
  mo_energy =
[-3.28762716e+02 -3.28762712e+02 -4.08078659e+01 -4.08078609e+01
 -3.56091313e+01 -3.56091313e+01 -3.56090098e+01 -3.56090091e+01
 -3.55960389e+01 -3.55960387e+01 -2.03823900e+01 -2.03823892e+01
 -2.03779539e+01 -2.03779533e+01 -2.03777724e+01 -2.03777718e+01
 -2.03757704e+01 -2.03446178e+01 -2.03446171e+01 -2.03438885e+01
 -2.03438879e+01 -4.99072424e+00 -4.99071807e+00 -3.30062972e+00
 -3.30058901e+00 -3.30040529e+00 -3.30039114e+00 -3.28935399e+00
 -3.28934835e+00 -1.61061939e+00 -1.59081946e+00 -1.58889053e+00
 -1.57274028e+00 -1.12090916e+00 -1.10513563e+00 -1.09438064e+00
 -1.09150717e+00 -1.09139340e+00 -1.08724201e+00 -1.08169595e+00
 -1.03818708e+00 -1.03690390e+00 -1.03175747e+00 -1.03158302e+00
 -8.35609196e-01 -8.32730004e-01 -8.30100455e-01 -8.27030533e-01
 -8.24589629e-01 -8.21515538e-01 -8.20530064e-01 -8.18411246e-01
 -8.12357727e-01 -8.00245066e-01 -7.99728170e-01 -7.97968533e-01
 -5.26971438e-01 -5.20412502e-01 -5.00957305e-01 -4.87277282e-01
 -4.83035407e-01 -4.82285035e-01 -4.80560679e-01 -4.76917952e-01
 -4.30060430e-01 -4.23497412e-01 -4.21848103e-01 -4.16731217e-01
 -4.06859496e-01 -4.04181405e-01 -3.97340343e-01 -3.83031773e-01
 -3.71969754e-01 -3.59768941e-01 -3.57246871e-01 -3.54867337e-01
 -3.49197977e-01 -3.46466825e-01 -3.44024394e-01 -3.35236680e-01
 -3.34098843e-01 -3.31725970e-01 -3.30961273e-01 -3.30880094e-01
 -3.17486724e-01 -3.10407195e-01 -3.07817295e-01 -3.07719978e-01
 -3.06159495e-01 -3.03549055e-01 -2.99993238e-01 -2.99263572e-01
 -2.97077717e-01 -2.92893467e-01 -2.91678512e-01 -2.84511393e-01
 -2.74915892e-01 -2.10762628e-02  3.25302836e-02  1.61124746e-01
  1.79430273e-01  1.81399745e-01  1.82623974e-01  2.16268250e-01
  2.19908334e-01  2.27692401e-01  2.30523480e-01  2.38963586e-01
  2.42076700e-01  2.44127722e-01  2.45774893e-01  2.52864493e-01
  2.55864362e-01  2.57592840e-01  2.57900185e-01  2.65436166e-01
  2.66738790e-01  2.71804809e-01  2.75099392e-01  2.86324322e-01
  2.88272003e-01  2.92524358e-01  2.95543538e-01  2.99446225e-01
  3.04405992e-01  3.06382336e-01  3.06409268e-01  3.15503796e-01
  3.16069701e-01  3.16630234e-01  3.21130969e-01  3.22540114e-01
  3.27380593e-01  3.27562432e-01  3.28105014e-01  3.30516568e-01
  3.34595726e-01  3.37988828e-01  3.39546760e-01  3.42065174e-01
  3.42468105e-01  3.44475479e-01  3.46328226e-01  3.51612360e-01
  3.54377365e-01  3.56085626e-01  3.57176806e-01  3.58844529e-01
  3.60465239e-01  3.61405608e-01  3.62473358e-01  3.65757912e-01
  3.68889962e-01  3.71018783e-01  3.73501120e-01  3.74225448e-01
  3.76199278e-01  3.79830246e-01  3.79871270e-01  3.82778167e-01
  3.83533572e-01  3.86083846e-01  3.86841878e-01  3.87370594e-01
  3.89615490e-01  3.90115052e-01  3.91446173e-01  3.92381742e-01
  3.94655229e-01  3.96897147e-01  3.96977485e-01  3.98206888e-01
  4.00665485e-01  4.01627679e-01  4.03738526e-01  4.05071966e-01
  4.11167548e-01  4.11545072e-01  4.13510864e-01  4.14029538e-01
  4.15137060e-01  4.16373864e-01  4.16705138e-01  4.20048893e-01
  4.23250674e-01  4.23984428e-01  4.25898477e-01  4.29905549e-01
  4.33563772e-01  4.34891098e-01  4.37041321e-01  4.42980955e-01
  4.46252776e-01  4.46911214e-01  4.49291861e-01  4.51112187e-01
  4.58901499e-01  4.58940764e-01  4.60465445e-01  4.61303290e-01
  4.67112974e-01  4.67999745e-01  4.71949979e-01  4.78114411e-01
  4.83815589e-01  4.85495720e-01  4.89923781e-01  4.97393482e-01
  4.98134632e-01  4.98988182e-01  5.03352843e-01  5.14533561e-01
  5.22049236e-01  5.28369331e-01  5.52043406e-01  5.60615797e-01
  5.74382669e-01  5.83825585e-01  5.97604661e-01  6.19145707e-01
  6.19635545e-01  6.27238577e-01  6.30883949e-01  6.39769447e-01
  6.63697032e-01  6.75924463e-01  6.81856559e-01  7.18374516e-01
  7.67715382e-01  7.67942266e-01  8.19775206e-01  8.40950364e-01
  8.44146022e-01  8.46270179e-01  8.61777359e-01  8.80242185e-01
  8.86395016e-01  8.88661097e-01  8.95812397e-01  9.20561971e-01
  9.36482086e-01  9.46017596e-01  9.54238424e-01  9.75620128e-01
  1.12903411e+00  1.14931176e+00  1.15396142e+00  1.16495689e+00
  1.17618988e+00  1.18093656e+00  1.19137834e+00  1.20269388e+00
  1.21539468e+00  1.22522204e+00  1.23266617e+00  1.24043824e+00
  1.25091968e+00  1.26656459e+00  1.27415860e+00  1.28020200e+00
  1.29060785e+00  1.29318428e+00  1.29644630e+00  1.29759851e+00
  1.30081969e+00  1.30558783e+00  1.30787234e+00  1.30820463e+00
  1.31321050e+00  1.31577011e+00  1.32355365e+00  1.32555695e+00
  1.33273844e+00  1.34764496e+00  1.36043748e+00  1.36693267e+00
  1.37699901e+00  1.38340522e+00  1.39805669e+00  1.40477073e+00
  1.41411243e+00  1.41762288e+00  1.42090306e+00  1.43645592e+00
  1.45872599e+00  1.46303333e+00  1.46986390e+00  1.47363969e+00
  1.47838605e+00  1.48361104e+00  1.49042044e+00  1.49580421e+00
  1.50387430e+00  1.52205921e+00  1.55323988e+00  1.55825373e+00
  1.56032063e+00  1.56076518e+00  1.56376637e+00  1.58086287e+00
  1.58631522e+00  1.59712403e+00  1.60006461e+00  1.60205875e+00
  1.60559050e+00  1.60871364e+00  1.61473059e+00  1.61906363e+00
  1.62256799e+00  1.63066032e+00  1.63453348e+00  1.63881970e+00
  1.64086828e+00  1.64234505e+00  1.65540718e+00  1.65724422e+00
  1.67260885e+00  1.67943986e+00  1.69537883e+00  1.70679167e+00
  1.71986080e+00  1.72277258e+00  1.73338394e+00  1.73745533e+00
  1.76402112e+00  1.78437320e+00  1.79936786e+00  1.80519013e+00
  1.82678393e+00  1.83907398e+00  1.85148172e+00  1.85506930e+00
  1.85936654e+00  1.88400872e+00  1.88557626e+00  1.90784372e+00
  1.91099421e+00  1.91223261e+00  1.92248907e+00  1.94086577e+00
  1.94329302e+00  1.95933593e+00  1.98162126e+00  2.00234923e+00
  2.01706408e+00  2.02678062e+00  2.03443653e+00  2.05629715e+00
  2.11274269e+00  2.16158333e+00  2.17577108e+00  2.25102112e+00
  2.27170883e+00  2.27308604e+00  2.27454424e+00  2.31414112e+00
  2.37759234e+00  2.40662185e+00  2.41407469e+00  2.47993579e+00
  2.50117876e+00  2.54474916e+00  2.61322565e+00  2.65068287e+00
  2.66871458e+00  2.78442555e+00  2.79059942e+00  2.83699537e+00
  2.84422583e+00  2.90423230e+00  2.91418024e+00  2.95683027e+00
  2.96741178e+00  2.98376177e+00  2.99129995e+00  3.03790302e+00
  3.04228568e+00  3.07590327e+00  3.08233277e+00  3.08409561e+00
  3.09044606e+00  3.09389381e+00  3.09475426e+00  3.09475494e+00
  3.10070032e+00  3.10725493e+00  3.10731374e+00  3.10791977e+00
  3.10843357e+00  3.11000213e+00  3.11139199e+00  3.11316844e+00
  3.11479982e+00  3.11543138e+00  3.11783564e+00  3.11978616e+00
  3.12180539e+00  3.12236432e+00  3.12707758e+00  3.12805028e+00
  3.12831274e+00  3.12924287e+00  3.12958426e+00  3.13613883e+00
  3.14252595e+00  3.14593775e+00  3.14763502e+00  3.14973071e+00
  3.15351735e+00  3.15797515e+00  3.17057689e+00  3.17296009e+00
  3.18081804e+00  3.19143572e+00  3.22816153e+00  3.23769840e+00
  3.23861601e+00  3.24351344e+00  3.24662570e+00  3.27328492e+00
  3.28132046e+00  3.28224491e+00  3.28753536e+00  3.30699513e+00
  3.31043652e+00  3.31734089e+00  3.32055682e+00  3.33120883e+00
  3.35059776e+00  3.35474237e+00  3.36080526e+00  3.38765392e+00
  3.40619886e+00  3.43722136e+00  3.44563584e+00  3.45880703e+00
  3.47643268e+00  3.50765193e+00  3.51738801e+00  3.55868620e+00
  3.58087472e+00  3.59767506e+00  3.69544374e+00  3.71945256e+00
  3.73768985e+00  3.74836145e+00  3.76606791e+00  3.80851857e+00
  3.85957243e+00  3.86483713e+00  3.88794800e+00  3.90674648e+00
  3.98135028e+00  4.05671571e+00  4.06019534e+00  4.08775559e+00
  4.10911813e+00  4.16066368e+00  4.16915300e+00  4.17562808e+00
  4.31550659e+00  4.70368891e+00  5.38304658e+00  5.38445901e+00
  5.40188180e+00  5.40798463e+00  5.41032420e+00  5.41945530e+00
  5.42270767e+00  5.42703686e+00  5.42767376e+00  5.43614233e+00
  5.64917115e+00  5.65386883e+00  5.65585268e+00  5.71503884e+00
  1.69238465e+01  1.70981241e+01  1.71446919e+01  1.73113062e+01
  9.99999274e+04  9.99999367e+04  9.99999619e+04  9.99999690e+04
  9.99999993e+04  9.99999998e+04  1.99979599e+05  1.99979599e+05
  1.99979599e+05  1.99979599e+05  1.99979600e+05  1.99979600e+05
  1.99979600e+05  1.99979600e+05  1.99979618e+05  1.99979618e+05
  1.99979619e+05  1.99979619e+05  1.99979619e+05  1.99979619e+05
  1.99979627e+05  1.99979627e+05  1.99998898e+05  1.99998899e+05
  1.99998901e+05  1.99998903e+05  1.99998908e+05  1.99998911e+05
  1.99998914e+05  1.99998918e+05  1.99998921e+05  1.99998923e+05
  1.99998932e+05  1.99998933e+05  1.99998935e+05  1.99998935e+05
  1.99998937e+05  1.99998937e+05  1.99999478e+05  1.99999478e+05
  1.99999483e+05  1.99999483e+05  1.99999491e+05  1.99999491e+05
  1.99999500e+05  1.99999505e+05  1.99999510e+05  1.99999515e+05
  1.99999515e+05  1.99999519e+05  1.99999520e+05  1.99999520e+05
  1.99999528e+05  1.99999528e+05  1.99999528e+05  1.99999528e+05
  1.99999529e+05  1.99999529e+05  1.99999529e+05  1.99999529e+05
  1.99999533e+05  1.99999537e+05  1.99999573e+05  1.99999574e+05
  1.99999577e+05  1.99999579e+05  1.99999583e+05  1.99999589e+05
  1.99999595e+05  1.99999598e+05  1.99999599e+05  1.99999600e+05
  1.99999627e+05  1.99999628e+05  1.99999629e+05  1.99999631e+05
  1.99999632e+05  1.99999633e+05  1.99999635e+05  1.99999638e+05
  1.99999639e+05  1.99999640e+05  1.99999641e+05  1.99999642e+05
  1.99999643e+05  1.99999643e+05  1.99999643e+05  1.99999647e+05
  1.99999648e+05  1.99999653e+05  1.99999655e+05  1.99999658e+05
  1.99999659e+05  1.99999659e+05  1.99999660e+05  1.99999662e+05
  1.99999664e+05  1.99999664e+05  1.99999664e+05  1.99999665e+05
  1.99999666e+05  1.99999666e+05  1.99999674e+05  1.99999674e+05
  1.99999680e+05  1.99999685e+05  1.99999695e+05  1.99999699e+05
  1.99999706e+05  1.99999714e+05]
  mo_occ = 
[2. 2. 2. 2. 2. 2. 2. 2. 2. 2. 2. 2. 2. 2. 2. 2. 2. 2. 2. 2. 2. 2. 2. 2.
 2. 2. 2. 2. 2. 2. 2. 2. 2. 2. 2. 2. 2. 2. 2. 2. 2. 2. 2. 2. 2. 2. 2. 2.
 2. 2. 2. 2. 2. 2. 2. 2. 2. 2. 2. 2. 2. 2. 2. 2. 2. 2. 2. 2. 2. 2. 2. 2.
 2. 2. 2. 2. 2. 2. 2. 2. 2. 2. 2. 2. 2. 2. 2. 2. 2. 2. 2. 2. 2. 2. 2. 2.
 2. 1. 1. 0. 0. 0. 0. 0. 0. 0. 0. 0. 0. 0. 0. 0. 0. 0. 0. 0. 0. 0. 0. 0.
 0. 0. 0. 0. 0. 0. 0. 0. 0. 0. 0. 0. 0. 0. 0. 0. 0. 0. 0. 0. 0. 0. 0. 0.
 0. 0. 0. 0. 0. 0. 0. 0. 0. 0. 0. 0. 0. 0. 0. 0. 0. 0. 0. 0. 0. 0. 0. 0.
 0. 0. 0. 0. 0. 0. 0. 0. 0. 0. 0. 0. 0. 0. 0. 0. 0. 0. 0. 0. 0. 0. 0. 0.
 0. 0. 0. 0. 0. 0. 0. 0. 0. 0. 0. 0. 0. 0. 0. 0. 0. 0. 0. 0. 0. 0. 0. 0.
 0. 0. 0. 0. 0. 0. 0. 0. 0. 0. 0. 0. 0. 0. 0. 0. 0. 0. 0. 0. 0. 0. 0. 0.
 0. 0. 0. 0. 0. 0. 0. 0. 0. 0. 0. 0. 0. 0. 0. 0. 0. 0. 0. 0. 0. 0. 0. 0.
 0. 0. 0. 0. 0. 0. 0. 0. 0. 0. 0. 0. 0. 0. 0. 0. 0. 0. 0. 0. 0. 0. 0. 0.
 0. 0. 0. 0. 0. 0. 0. 0. 0. 0. 0. 0. 0. 0. 0. 0. 0. 0. 0. 0. 0. 0. 0. 0.
 0. 0. 0. 0. 0. 0. 0. 0. 0. 0. 0. 0. 0. 0. 0. 0. 0. 0. 0. 0. 0. 0. 0. 0.
 0. 0. 0. 0. 0. 0. 0. 0. 0. 0. 0. 0. 0. 0. 0. 0. 0. 0. 0. 0. 0. 0. 0. 0.
 0. 0. 0. 0. 0. 0. 0. 0. 0. 0. 0. 0. 0. 0. 0. 0. 0. 0. 0. 0. 0. 0. 0. 0.
 0. 0. 0. 0. 0. 0. 0. 0. 0. 0. 0. 0. 0. 0. 0. 0. 0. 0. 0. 0. 0. 0. 0. 0.
 0. 0. 0. 0. 0. 0. 0. 0. 0. 0. 0. 0. 0. 0. 0. 0. 0. 0. 0. 0. 0. 0. 0. 0.
 0. 0. 0. 0. 0. 0. 0. 0. 0. 0. 0. 0. 0. 0. 0. 0. 0. 0. 0. 0. 0. 0. 0. 0.
 0. 0. 0. 0. 0. 0. 0. 0. 0. 0. 0. 0. 0. 0. 0. 0. 0. 0. 0. 0. 0. 0. 0. 0.
 0. 0. 0. 0. 0. 0. 0. 0. 0. 0. 0. 0. 0. 0. 0. 0. 0. 0. 0. 0. 0. 0. 0. 0.
 0. 0. 0. 0. 0. 0. 0. 0. 0. 0. 0. 0. 0. 0. 0. 0. 0. 0. 0. 0. 0. 0. 0. 0.
 0. 0. 0. 0. 0. 0. 0. 0. 0. 0. 0. 0. 0. 0. 0. 0. 0. 0. 0. 0. 0. 0. 0. 0.
 0. 0. 0. 0. 0. 0. 0. 0. 0. 0. 0. 0. 0. 0. 0. 0. 0. 0. 0. 0. 0. 0. 0. 0.
 0. 0. 0. 0. 0. 0. 0. 0. 0. 0. 0. 0. 0. 0.]
    CPU time for vj and vk   1285.09 sec, wall time   1289.95 sec
E1 = -11604.714301361875  E_coul = 4552.525803140049
Extra cycle  E= -5766.99819034357  delta_E= 8.19e-12  |g|= 6.3e-06  |ddm|= 1.1e-05
    CPU time for scf_cycle   6025.12 sec, wall time   6049.96 sec
    CPU time for SCF   6025.13 sec, wall time   6050.01 sec
converged SCF energy = -5766.99819034357

WARN: orbitals [488 489] not strictly symmetrized.


WARN: They can be symmetrized with pyscf.symm.symmetrize_space function.

