
********************************** INPUT START **********************************
nelec                                                           24
spin                                                             2
fullrestart                                                       
onedot                                                            
orbitals                                                   FCIDUMP
maxiter                                                          8
sweep_tol                                               1.0000e-07
outputlevel                                                      2
hf_occ                                                    integral
prefix                    /lustre/home/1600011363/neci-work/La2CuO4/Cu8O27La16/5_dmrg_nevpt2/5b_coreonly/s1/dmrg_scratch
num_thrds                                                       64
warmup                                                         occ
occ                       2 2 2 2 2 2 2 2 2 2 2 1 1 0 0 0 0 0 0 0 0 0 0 0 0 0
cbias                                                          0.2
singlet_embedding                                                 
gaopt                                                      default
restart_threepdm                                                  
mem                                                          110 g
schedule                  Sweep   0-   7 : Mmps =  1000 Noise =         0 DavTol =     1e-08
irrep                                                            1
********************************** INPUT END   **********************************

SPIN ADAPTED - REAL DOMAIN - DOUBLE PREC
qc mpo type =  QCTypes.Conventional
 UseMainStack = 0 MinDiskUsage = 1 MinMemUsage = 0 IBuf = 0 OBuf = 0
 FPCompression: prec = 1.00e-16 chunk = 1024
 IMain = 0 B / 7.17 GB DMain = 0 B / 36.9 GB ISeco = 0 B / 3.07 GB DSeco = 0 B / 55.3 GB
 OpenMP = 1 TBB = 0 BLIS = 0 MKL = GNU 2021.0.4 SeqType = Tasked MKLIntLen = 4
 THREADING = 2 layers : Global | Operator BatchedGEMM 
 NUMBER : Global = 64 Operator = 64 Quanta = 0 MKL = 1
 COMPLEX = 1 SINGLE-PREC = 1 KSYMM = 0
loading reorder for restarting =  [23  9 21  7 10 24  8 22 25 12 13  0  1 14  2 15 11 20 17  4 19  6  3 16
  5 18]
read integral finished 0.03665918856859207
integral sym error =            0
MinMPOMemUsage =  False
using occ init
using reordered occ init
full restart
MPS =  LLLLLLLLLLLLLLLLLLLLLLLLLK 25 1 < N=26 S=0 PG=0 >
GS INIT MPS BOND DIMS =       1     4    16    63   246   941  1000  1000  1000  1000  1000  1000  1000  1000  1000  1000  1000  1000  1000  1000  1000   695   334   153    39    13     2
pre-mpo memory usage =  166 MB
build mpo start ...
build mpo finished ... Tread = 0.000 Twrite = 0.000 T = 0.065
simpl mpo start ...
simpl mpo finished ... Tread = 0.000 Twrite = 0.000 T = 0.271
GS MPO BOND DIMS =      31    38    49    64    83   106   133   164   199   238   281   328   379   328   281   238   199   164   133   106    83    64    49    38    31     1
build 1pdm mpo 0.5065405145287514
build identity mpo 0.5159170385450125
memory usage =  362 MB
para mpo finished 0.5232163965702057
npdm string = ['((C+((C+(C+D)0)1+D)0)1+D)0']

Build NPDM MPO | Nsites =    26 | Nmaxops =  6 | SymbolFree = T | Cutoff = 0.00e+00
 Site =     0 /    26 .. L =       49 R =        1 M =            0 Tmid = 0.000 T = 0.001
 Site =     1 /    26 .. L =      241 R =    68901 M =      1124578 Tmid = 0.000 T = 0.017
 Site =     2 /    26 .. L =      575 R =    61201 M =      6948260 Tmid = 0.000 T = 0.015
 Site =     3 /    26 .. L =     1051 R =    54097 M =     16690298 Tmid = 0.000 T = 0.013
 Site =     4 /    26 .. L =     1669 R =    47565 M =     28575948 Tmid = 0.000 T = 0.012
 Site =     5 /    26 .. L =     2429 R =    41581 M =     41151442 Tmid = 0.000 T = 0.011
 Site =     6 /    26 .. L =     3331 R =    36121 M =     53259508 Tmid = 0.000 T = 0.010
 Site =     7 /    26 .. L =     4375 R =    31161 M =     64014890 Tmid = 0.000 T = 0.009
 Site =     8 /    26 .. L =     5561 R =    26677 M =     72779868 Tmid = 0.000 T = 0.008
 Site =     9 /    26 .. L =     6889 R =    22645 M =     79139778 Tmid = 0.000 T = 0.007
 Site =    10 /    26 .. L =     8359 R =    19041 M =     82878532 Tmid = 0.000 T = 0.007
 Site =    11 /    26 .. L =     9971 R =    15841 M =     83954138 Tmid = 0.000 T = 0.007
 Site =    12 /    26 .. L =    11725 R =    13021 M =     82474220 Tmid = 0.000 T = 0.006
 Site =    13 /    26 .. L =    13621 R =    10557 M =     78671538 Tmid = 0.000 T = 0.006
 Site =    14 /    26 .. L =    15659 R =     8425 M =     72879508 Tmid = 0.000 T = 0.006
 Site =    15 /    26 .. L =    17839 R =     6601 M =     65507722 Tmid = 0.000 T = 0.007
 Site =    16 /    26 .. L =    20161 R =     5061 M =     57017468 Tmid = 0.000 T = 0.007
 Site =    17 /    26 .. L =    22625 R =     3781 M =     47897250 Tmid = 0.000 T = 0.007
 Site =    18 /    26 .. L =    25231 R =     2737 M =     38638308 Tmid = 0.000 T = 0.008
 Site =    19 /    26 .. L =    27979 R =     1905 M =     29710138 Tmid = 0.000 T = 0.008
 Site =    20 /    26 .. L =    30869 R =     1261 M =     21536012 Tmid = 0.000 T = 0.009
 Site =    21 /    26 .. L =    33901 R =      781 M =     14468498 Tmid = 0.000 T = 0.009
 Site =    22 /    26 .. L =    37075 R =      441 M =      8764980 Tmid = 0.000 T = 0.011
 Site =    23 /    26 .. L =    40391 R =      217 M =      4563178 Tmid = 0.000 T = 0.012
 Site =    24 /    26 .. L =    43849 R =       85 M =      1856668 Tmid = 0.000 T = 0.013
 Site =    25 /    26 .. L =        1 R =       49 M =       506630 Tmid = 0.000 T = 0.001
Ttotal =      0.224

Environment initialization | Nsites =    26 | Center =    25
 INIT-L --> Site =    1 ..  Bmem =     8 B Rmem =   320 B T = 0.01
 INIT-L --> Site =    2 ..  Bmem =   320 B Rmem = 25.9 KB T = 0.01
 INIT-L --> Site =    3 ..  Bmem = 25.9 KB Rmem =  948 KB T = 0.01
 INIT-L --> Site =    4 ..  Bmem =  948 KB Rmem = 24.4 MB T = 0.05
 INIT-L --> Site =    5 ..  Bmem = 24.4 MB Rmem =  538 MB T = 0.76
 INIT-L --> Site =    6 ..  Bmem =  538 MB Rmem =  973 MB T = 1.65
 INIT-L --> Site =    7 ..  Bmem =  973 MB Rmem = 1.38 GB T = 2.41
 INIT-L --> Site =    8 ..  Bmem = 1.38 GB Rmem = 1.83 GB T = 3.22
 INIT-L --> Site =    9 ..  Bmem = 1.83 GB Rmem = 2.41 GB T = 4.20
 INIT-L --> Site =   10 ..  Bmem = 2.41 GB Rmem = 3.02 GB T = 5.37
 INIT-L --> Site =   11 ..  Bmem = 3.02 GB Rmem = 3.72 GB T = 6.60
 INIT-L --> Site =   12 ..  Bmem = 3.72 GB Rmem = 4.60 GB T = 8.33
 INIT-L --> Site =   13 ..  Bmem = 4.60 GB Rmem = 5.48 GB T = 9.64
 INIT-L --> Site =   14 ..  Bmem = 5.48 GB Rmem = 6.46 GB T = 11.35
 INIT-L --> Site =   15 ..  Bmem = 6.46 GB Rmem = 7.32 GB T = 12.93
 INIT-L --> Site =   16 ..  Bmem = 7.32 GB Rmem = 8.24 GB T = 14.71
 INIT-L --> Site =   17 ..  Bmem = 8.24 GB Rmem = 9.58 GB T = 16.92
 INIT-L --> Site =   18 ..  Bmem = 9.58 GB Rmem = 10.7 GB T = 18.54
 INIT-L --> Site =   19 ..  Bmem = 10.7 GB Rmem = 11.7 GB T = 20.21
 INIT-L --> Site =   20 ..  Bmem = 11.7 GB Rmem = 12.5 GB T = 21.85
 INIT-L --> Site =   21 ..  Bmem = 12.5 GB Rmem = 7.28 GB T = 15.22
 INIT-L --> Site =   22 ..  Bmem = 7.28 GB Rmem = 2.01 GB T = 5.38
 INIT-L --> Site =   23 ..  Bmem = 2.01 GB Rmem =  500 MB T = 1.16
 INIT-L --> Site =   24 ..  Bmem =  500 MB Rmem = 37.6 MB T = 0.23
 INIT-L --> Site =   25 ..  Bmem = 37.6 MB Rmem = 4.99 MB T = 0.09
Time init sweep =      180.828 | MaxBmem = 11.7 GB | MaxRmem = 12.5 GB
 | Tread = 0.000 | Twrite = 120.346 | Tfpread = 0.000 | Tfpwrite = 120.152 | data = 100 GB | cpsd = 75.5 GB | Tasync = 0.000


Expectation | Direction = backward | BRA bond dimension = 1000 | KET bond dimension = 1000
 <-- Site =   25 .. Nterms =        52872 Error =  0.000000000000/ 0.000000000000 FLOPS = 2.16e+06 Tmult = 0.37 T = 0.44
 <-- Site =   24 .. Nterms =       139430 Error =  0.000000000000/ 0.000000000000 FLOPS = 3.68e+07 Tmult = 0.33 T = 0.45
 <-- Site =   23 .. Nterms =       298066 Error =  0.000000000000/ 0.000000000000 FLOPS = 3.61e+09 Tmult = 0.11 T = 0.37
 <-- Site =   22 .. Nterms =       526332 Error =  0.000000000000/ 0.000000000000 FLOPS = 2.44e+10 Tmult = 0.24 T = 1.16
 <-- Site =   21 .. Nterms =       821708 Error =  0.000000000000/ 0.000000000000 FLOPS = 5.39e+10 Tmult = 1.58 T = 5.04
 <-- Site =   20 .. Nterms =      1175974 Error =  0.000000000000/ 0.000000000000 FLOPS = 4.08e+10 Tmult = 9.74 T = 16.44
 <-- Site =   19 .. Nterms =      1576210 Error =  0.000000000000/ 0.000000000000 FLOPS = 3.53e+10 Tmult = 12.28 T = 19.90
 <-- Site =   18 .. Nterms =      2005796 Error =  0.000000000000/ 0.000000000000 FLOPS = 3.05e+10 Tmult = 15.23 T = 23.81
 <-- Site =   17 .. Nterms =      2445412 Error =  0.000000000000/ 0.000000000000 FLOPS = 2.60e+10 Tmult = 18.39 T = 28.05
 <-- Site =   16 .. Nterms =      2874038 Error =  0.000000000000/ 0.000000000000 FLOPS = 2.28e+10 Tmult = 20.76 T = 31.87
 <-- Site =   15 .. Nterms =      3269954 Error =  0.000000000000/ 0.000000000000 FLOPS = 2.06e+10 Tmult = 24.30 T = 37.60
 <-- Site =   14 .. Nterms =      3611740 Error =  0.000000000000/ 0.000000000000 FLOPS = 1.94e+10 Tmult = 27.16 T = 43.66
 <-- Site =   13 .. Nterms =      3879276 Error =  0.000000000000/ 0.000000000000 FLOPS = 1.82e+10 Tmult = 28.84 T = 48.08
 <-- Site =   12 .. Nterms =      4054742 Error =  0.000000000000/ 0.000000000000 FLOPS = 1.71e+10 Tmult = 30.13 T = 53.51
 <-- Site =   11 .. Nterms =      4123618 Error =  0.000000000000/ 0.000000000000 FLOPS = 1.63e+10 Tmult = 29.99 T = 57.74
 <-- Site =   10 .. Nterms =      4075684 Error =  0.000000000000/ 0.000000000000 FLOPS = 1.54e+10 Tmult = 30.15 T = 64.22
 <-- Site =    9 .. Nterms =      3906020 Error =  0.000000000000/ 0.000000000000 FLOPS = 1.54e+10 Tmult = 27.87 T = 65.83
 <-- Site =    8 .. Nterms =      3616006 Error =  0.000000000000/ 0.000000000000 FLOPS = 1.49e+10 Tmult = 25.37 T = 70.25
 <-- Site =    7 .. Nterms =      3214322 Error =  0.000000000000/ 0.000000000000 FLOPS = 1.47e+10 Tmult = 22.43 T = 79.15
 <-- Site =    6 .. Nterms =      2717948 Error =  0.000000000000/ 0.000000000000 FLOPS = 1.43e+10 Tmult = 18.23 T = 81.12
 <-- Site =    5 .. Nterms =      2153164 Error =  0.000000000000/ 0.000000000000 FLOPS = 1.39e+10 Tmult = 13.88 T = 85.04
 <-- Site =    4 .. Nterms =      1556550 Error =  0.000000000000/ 0.000000000000 FLOPS = 1.24e+10 Tmult = 4.16 T = 51.77
 <-- Site =    3 .. Nterms =       975986 Error =  0.000000000000/ 0.000000000000 FLOPS = 8.15e+09 Tmult = 0.99 T = 18.43
 <-- Site =    2 .. Nterms =       471652 Error =  0.000000000000/ 0.000000000000 FLOPS = 1.04e+09 Tmult = 0.25 T = 2.94
 <-- Site =    1 .. Nterms =       117028 Error =  0.000000000000/ 0.000000000000 FLOPS = 7.45e+07 Tmult = 0.06 T = 0.52
 <-- Site =    0 .. Nterms =            0 Error =  0.000000000000/ 0.000000000000 FLOPS = 0.00e+00 Tmult = 0.00 T = 0.01
Time elapsed =    887.416
Time sweep =      887.416 | 6.37 TFLOP/SWP
 | Dmem = 30.2 GB (0%) | Imem = 31.3 KB (60%) | Hmem = 30.8 GB | MaxBmem = 26.7 GB | MaxRmem = 30.2 GB
 | Tread = 97.905 | Twrite = 242.070 | Tfpread = 97.518 | Tfpwrite = 241.846 | data = 199 GB | cpsd = 146 GB | Tasync = 0.000
 | Trot = 90.274 | Tctr = 36.908 | Tint = 0.096 | Tmid = 0.000 | Tdctr = 0.000 | Tdiag = 0.004 | Tinfo = 0.384
 | Teff = 84.494 | Texpt = 362.833 | Tblk = 887.414 | Tmve = 0.000

NPDM Sorting | Nsites =    26 | Nmaxops =  6 | DotSite = 0 | SymbolFree = T | Compressed = T | LowMem = F | Mem = 2.30 GB
 Site =     0 ..  T = 0.061
 Site =     1 ..  T = 0.154
 Site =     2 ..  T = 0.256
 Site =     3 ..  T = 0.246
 Site =     4 ..  T = 0.244
 Site =     5 ..  T = 0.245
 Site =     6 ..  T = 0.232
 Site =     7 ..  T = 0.248
 Site =     8 ..  T = 0.246
 Site =     9 ..  T = 0.215
 Site =    10 ..  T = 0.228
 Site =    11 ..  T = 0.785
 Site =    12 ..  T = 0.194
 Site =    13 ..  T = 0.658
 Site =    14 ..  T = 0.133
 Site =    15 ..  T = 0.114
 Site =    16 ..  T = 0.108
 Site =    17 ..  T = 0.089
 Site =    18 ..  T = 0.073
 Site =    19 ..  T = 0.055
 Site =    20 ..  T = 0.049
 Site =    21 ..  T = 0.043
 Site =    22 ..  T = 0.043
 Site =    23 ..  T = 0.028
 Site =    24 ..  T = 0.019
Ttotal =      4.768

